This is pdfTeX, Version 3.1415926-2.5-1.40.14 (MiKTeX 2.9 64-bit) (preloaded format=pdflatex 2014.7.23)  8 JUL 2015 22:50
entering extended mode
**suvadip_thesis.tex
(C:\Users\Suvadip\Dropbox\Drafts\Thesis\main\suvadip_thesis.tex
LaTeX2e <2011/06/27>
Babel <v3.8m> and hyphenation patterns for english, afrikaans, ancientgreek, ar
abic, armenian, assamese, basque, bengali, bokmal, bulgarian, catalan, coptic, 
croatian, czech, danish, dutch, esperanto, estonian, farsi, finnish, french, ga
lician, german, german-x-2013-05-26, greek, gujarati, hindi, hungarian, iceland
ic, indonesian, interlingua, irish, italian, kannada, kurmanji, latin, latvian,
 lithuanian, malayalam, marathi, mongolian, mongolianlmc, monogreek, ngerman, n
german-x-2013-05-26, nynorsk, oriya, panjabi, pinyin, polish, portuguese, roman
ian, russian, sanskrit, serbian, slovak, slovenian, spanish, swedish, swissgerm
an, tamil, telugu, turkish, turkmen, ukenglish, ukrainian, uppersorbian, usengl
ishmax, welsh, loaded.
(C:\Users\Suvadip\Dropbox\Drafts\Thesis\main\Thesis.cls
Document Class: Thesis 2007/22/02 v1.0 LaTeX document class
("C:\Program Files\MiKTeX 2.9\tex\latex\base\book.cls"
Document Class: book 2007/10/19 v1.4h Standard LaTeX document class
("C:\Program Files\MiKTeX 2.9\tex\latex\base\bk12.clo"
File: bk12.clo 2007/10/19 v1.4h Standard LaTeX file (size option)
)
\c@part=\count79
\c@chapter=\count80
\c@section=\count81
\c@subsection=\count82
\c@subsubsection=\count83
\c@paragraph=\count84
\c@subparagraph=\count85
\c@figure=\count86
\c@table=\count87
\abovecaptionskip=\skip41
\belowcaptionskip=\skip42
\bibindent=\dimen102
)
("C:\Program Files\MiKTeX 2.9\tex\latex\setspace\setspace.sty"
Package: setspace 2011/12/19 v6.7a set line spacing
)
("C:\Program Files\MiKTeX 2.9\tex\latex\ieeepes\vmargin.sty"
Package: vmargin 1999/06/01

Package `vmargin', V2.2, <1999/06/01>
\PaperWidth=\dimen103
\PaperHeight=\dimen104
) ("C:\Program Files\MiKTeX 2.9\tex\latex\base\inputenc.sty"
Package: inputenc 2008/03/30 v1.1d Input encoding file
\inpenc@prehook=\toks14
\inpenc@posthook=\toks15

("C:\Program Files\MiKTeX 2.9\tex\latex\base\utf8.def"
File: utf8.def 2008/04/05 v1.1m UTF-8 support for inputenc
Now handling font encoding OML ...
... no UTF-8 mapping file for font encoding OML
Now handling font encoding T1 ...
... processing UTF-8 mapping file for font encoding T1

("C:\Program Files\MiKTeX 2.9\tex\latex\base\t1enc.dfu"
File: t1enc.dfu 2008/04/05 v1.1m UTF-8 support for inputenc
   defining Unicode char U+00A1 (decimal 161)
   defining Unicode char U+00A3 (decimal 163)
   defining Unicode char U+00AB (decimal 171)
   defining Unicode char U+00BB (decimal 187)
   defining Unicode char U+00BF (decimal 191)
   defining Unicode char U+00C0 (decimal 192)
   defining Unicode char U+00C1 (decimal 193)
   defining Unicode char U+00C2 (decimal 194)
   defining Unicode char U+00C3 (decimal 195)
   defining Unicode char U+00C4 (decimal 196)
   defining Unicode char U+00C5 (decimal 197)
   defining Unicode char U+00C6 (decimal 198)
   defining Unicode char U+00C7 (decimal 199)
   defining Unicode char U+00C8 (decimal 200)
   defining Unicode char U+00C9 (decimal 201)
   defining Unicode char U+00CA (decimal 202)
   defining Unicode char U+00CB (decimal 203)
   defining Unicode char U+00CC (decimal 204)
   defining Unicode char U+00CD (decimal 205)
   defining Unicode char U+00CE (decimal 206)
   defining Unicode char U+00CF (decimal 207)
   defining Unicode char U+00D0 (decimal 208)
   defining Unicode char U+00D1 (decimal 209)
   defining Unicode char U+00D2 (decimal 210)
   defining Unicode char U+00D3 (decimal 211)
   defining Unicode char U+00D4 (decimal 212)
   defining Unicode char U+00D5 (decimal 213)
   defining Unicode char U+00D6 (decimal 214)
   defining Unicode char U+00D8 (decimal 216)
   defining Unicode char U+00D9 (decimal 217)
   defining Unicode char U+00DA (decimal 218)
   defining Unicode char U+00DB (decimal 219)
   defining Unicode char U+00DC (decimal 220)
   defining Unicode char U+00DD (decimal 221)
   defining Unicode char U+00DE (decimal 222)
   defining Unicode char U+00DF (decimal 223)
   defining Unicode char U+00E0 (decimal 224)
   defining Unicode char U+00E1 (decimal 225)
   defining Unicode char U+00E2 (decimal 226)
   defining Unicode char U+00E3 (decimal 227)
   defining Unicode char U+00E4 (decimal 228)
   defining Unicode char U+00E5 (decimal 229)
   defining Unicode char U+00E6 (decimal 230)
   defining Unicode char U+00E7 (decimal 231)
   defining Unicode char U+00E8 (decimal 232)
   defining Unicode char U+00E9 (decimal 233)
   defining Unicode char U+00EA (decimal 234)
   defining Unicode char U+00EB (decimal 235)
   defining Unicode char U+00EC (decimal 236)
   defining Unicode char U+00ED (decimal 237)
   defining Unicode char U+00EE (decimal 238)
   defining Unicode char U+00EF (decimal 239)
   defining Unicode char U+00F0 (decimal 240)
   defining Unicode char U+00F1 (decimal 241)
   defining Unicode char U+00F2 (decimal 242)
   defining Unicode char U+00F3 (decimal 243)
   defining Unicode char U+00F4 (decimal 244)
   defining Unicode char U+00F5 (decimal 245)
   defining Unicode char U+00F6 (decimal 246)
   defining Unicode char U+00F8 (decimal 248)
   defining Unicode char U+00F9 (decimal 249)
   defining Unicode char U+00FA (decimal 250)
   defining Unicode char U+00FB (decimal 251)
   defining Unicode char U+00FC (decimal 252)
   defining Unicode char U+00FD (decimal 253)
   defining Unicode char U+00FE (decimal 254)
   defining Unicode char U+00FF (decimal 255)
   defining Unicode char U+0102 (decimal 258)
   defining Unicode char U+0103 (decimal 259)
   defining Unicode char U+0104 (decimal 260)
   defining Unicode char U+0105 (decimal 261)
   defining Unicode char U+0106 (decimal 262)
   defining Unicode char U+0107 (decimal 263)
   defining Unicode char U+010C (decimal 268)
   defining Unicode char U+010D (decimal 269)
   defining Unicode char U+010E (decimal 270)
   defining Unicode char U+010F (decimal 271)
   defining Unicode char U+0110 (decimal 272)
   defining Unicode char U+0111 (decimal 273)
   defining Unicode char U+0118 (decimal 280)
   defining Unicode char U+0119 (decimal 281)
   defining Unicode char U+011A (decimal 282)
   defining Unicode char U+011B (decimal 283)
   defining Unicode char U+011E (decimal 286)
   defining Unicode char U+011F (decimal 287)
   defining Unicode char U+0130 (decimal 304)
   defining Unicode char U+0131 (decimal 305)
   defining Unicode char U+0132 (decimal 306)
   defining Unicode char U+0133 (decimal 307)
   defining Unicode char U+0139 (decimal 313)
   defining Unicode char U+013A (decimal 314)
   defining Unicode char U+013D (decimal 317)
   defining Unicode char U+013E (decimal 318)
   defining Unicode char U+0141 (decimal 321)
   defining Unicode char U+0142 (decimal 322)
   defining Unicode char U+0143 (decimal 323)
   defining Unicode char U+0144 (decimal 324)
   defining Unicode char U+0147 (decimal 327)
   defining Unicode char U+0148 (decimal 328)
   defining Unicode char U+014A (decimal 330)
   defining Unicode char U+014B (decimal 331)
   defining Unicode char U+0150 (decimal 336)
   defining Unicode char U+0151 (decimal 337)
   defining Unicode char U+0152 (decimal 338)
   defining Unicode char U+0153 (decimal 339)
   defining Unicode char U+0154 (decimal 340)
   defining Unicode char U+0155 (decimal 341)
   defining Unicode char U+0158 (decimal 344)
   defining Unicode char U+0159 (decimal 345)
   defining Unicode char U+015A (decimal 346)
   defining Unicode char U+015B (decimal 347)
   defining Unicode char U+015E (decimal 350)
   defining Unicode char U+015F (decimal 351)
   defining Unicode char U+0160 (decimal 352)
   defining Unicode char U+0161 (decimal 353)
   defining Unicode char U+0162 (decimal 354)
   defining Unicode char U+0163 (decimal 355)
   defining Unicode char U+0164 (decimal 356)
   defining Unicode char U+0165 (decimal 357)
   defining Unicode char U+016E (decimal 366)
   defining Unicode char U+016F (decimal 367)
   defining Unicode char U+0170 (decimal 368)
   defining Unicode char U+0171 (decimal 369)
   defining Unicode char U+0178 (decimal 376)
   defining Unicode char U+0179 (decimal 377)
   defining Unicode char U+017A (decimal 378)
   defining Unicode char U+017B (decimal 379)
   defining Unicode char U+017C (decimal 380)
   defining Unicode char U+017D (decimal 381)
   defining Unicode char U+017E (decimal 382)
   defining Unicode char U+200C (decimal 8204)
   defining Unicode char U+2013 (decimal 8211)
   defining Unicode char U+2014 (decimal 8212)
   defining Unicode char U+2018 (decimal 8216)
   defining Unicode char U+2019 (decimal 8217)
   defining Unicode char U+201A (decimal 8218)
   defining Unicode char U+201C (decimal 8220)
   defining Unicode char U+201D (decimal 8221)
   defining Unicode char U+201E (decimal 8222)
   defining Unicode char U+2030 (decimal 8240)
   defining Unicode char U+2031 (decimal 8241)
   defining Unicode char U+2039 (decimal 8249)
   defining Unicode char U+203A (decimal 8250)
   defining Unicode char U+2423 (decimal 9251)
)
Now handling font encoding OT1 ...
... processing UTF-8 mapping file for font encoding OT1

("C:\Program Files\MiKTeX 2.9\tex\latex\base\ot1enc.dfu"
File: ot1enc.dfu 2008/04/05 v1.1m UTF-8 support for inputenc
   defining Unicode char U+00A1 (decimal 161)
   defining Unicode char U+00A3 (decimal 163)
   defining Unicode char U+00B8 (decimal 184)
   defining Unicode char U+00BF (decimal 191)
   defining Unicode char U+00C5 (decimal 197)
   defining Unicode char U+00C6 (decimal 198)
   defining Unicode char U+00D8 (decimal 216)
   defining Unicode char U+00DF (decimal 223)
   defining Unicode char U+00E6 (decimal 230)
   defining Unicode char U+00EC (decimal 236)
   defining Unicode char U+00ED (decimal 237)
   defining Unicode char U+00EE (decimal 238)
   defining Unicode char U+00EF (decimal 239)
   defining Unicode char U+00F8 (decimal 248)
   defining Unicode char U+0131 (decimal 305)
   defining Unicode char U+0141 (decimal 321)
   defining Unicode char U+0142 (decimal 322)
   defining Unicode char U+0152 (decimal 338)
   defining Unicode char U+0153 (decimal 339)
   defining Unicode char U+2013 (decimal 8211)
   defining Unicode char U+2014 (decimal 8212)
   defining Unicode char U+2018 (decimal 8216)
   defining Unicode char U+2019 (decimal 8217)
   defining Unicode char U+201C (decimal 8220)
   defining Unicode char U+201D (decimal 8221)
)
Now handling font encoding OMS ...
... processing UTF-8 mapping file for font encoding OMS

("C:\Program Files\MiKTeX 2.9\tex\latex\base\omsenc.dfu"
File: omsenc.dfu 2008/04/05 v1.1m UTF-8 support for inputenc
   defining Unicode char U+00A7 (decimal 167)
   defining Unicode char U+00B6 (decimal 182)
   defining Unicode char U+00B7 (decimal 183)
   defining Unicode char U+2020 (decimal 8224)
   defining Unicode char U+2021 (decimal 8225)
   defining Unicode char U+2022 (decimal 8226)
)
Now handling font encoding OMX ...
... no UTF-8 mapping file for font encoding OMX
Now handling font encoding U ...
... no UTF-8 mapping file for font encoding U
   defining Unicode char U+00A9 (decimal 169)
   defining Unicode char U+00AA (decimal 170)
   defining Unicode char U+00AE (decimal 174)
   defining Unicode char U+00BA (decimal 186)
   defining Unicode char U+02C6 (decimal 710)
   defining Unicode char U+02DC (decimal 732)
   defining Unicode char U+200C (decimal 8204)
   defining Unicode char U+2026 (decimal 8230)
   defining Unicode char U+2122 (decimal 8482)
   defining Unicode char U+2423 (decimal 9251)
))
("C:\Program Files\MiKTeX 2.9\tex\latex\fancyhdr\fancyhdr.sty"
\fancy@headwidth=\skip43
\f@ncyO@elh=\skip44
\f@ncyO@erh=\skip45
\f@ncyO@olh=\skip46
\f@ncyO@orh=\skip47
\f@ncyO@elf=\skip48
\f@ncyO@erf=\skip49
\f@ncyO@olf=\skip50
\f@ncyO@orf=\skip51
)
("C:\Program Files\MiKTeX 2.9\tex\latex\amsmath\amsmath.sty"
Package: amsmath 2013/01/14 v2.14 AMS math features
\@mathmargin=\skip52

For additional information on amsmath, use the `?' option.
("C:\Program Files\MiKTeX 2.9\tex\latex\amsmath\amstext.sty"
Package: amstext 2000/06/29 v2.01

("C:\Program Files\MiKTeX 2.9\tex\latex\amsmath\amsgen.sty"
File: amsgen.sty 1999/11/30 v2.0
\@emptytoks=\toks16
\ex@=\dimen105
))
("C:\Program Files\MiKTeX 2.9\tex\latex\amsmath\amsbsy.sty"
Package: amsbsy 1999/11/29 v1.2d
\pmbraise@=\dimen106
)
("C:\Program Files\MiKTeX 2.9\tex\latex\amsmath\amsopn.sty"
Package: amsopn 1999/12/14 v2.01 operator names
)
\inf@bad=\count88
LaTeX Info: Redefining \frac on input line 210.
\uproot@=\count89
\leftroot@=\count90
LaTeX Info: Redefining \overline on input line 306.
\classnum@=\count91
\DOTSCASE@=\count92
LaTeX Info: Redefining \ldots on input line 378.
LaTeX Info: Redefining \dots on input line 381.
LaTeX Info: Redefining \cdots on input line 466.
\Mathstrutbox@=\box26
\strutbox@=\box27
\big@size=\dimen107
LaTeX Font Info:    Redeclaring font encoding OML on input line 566.
LaTeX Font Info:    Redeclaring font encoding OMS on input line 567.
\macc@depth=\count93
\c@MaxMatrixCols=\count94
\dotsspace@=\muskip10
\c@parentequation=\count95
\dspbrk@lvl=\count96
\tag@help=\toks17
\row@=\count97
\column@=\count98
\maxfields@=\count99
\andhelp@=\toks18
\eqnshift@=\dimen108
\alignsep@=\dimen109
\tagshift@=\dimen110
\tagwidth@=\dimen111
\totwidth@=\dimen112
\lineht@=\dimen113
\@envbody=\toks19
\multlinegap=\skip53
\multlinetaggap=\skip54
\mathdisplay@stack=\toks20
LaTeX Info: Redefining \[ on input line 2665.
LaTeX Info: Redefining \] on input line 2666.
)
("C:\Program Files\MiKTeX 2.9\tex\latex\amsfonts\amsfonts.sty"
Package: amsfonts 2013/01/14 v3.01 Basic AMSFonts support
\symAMSa=\mathgroup4
\symAMSb=\mathgroup5
LaTeX Font Info:    Overwriting math alphabet `\mathfrak' in version `bold'
(Font)                  U/euf/m/n --> U/euf/b/n on input line 106.
)
("C:\Program Files\MiKTeX 2.9\tex\latex\amsfonts\amssymb.sty"
Package: amssymb 2013/01/14 v3.01 AMS font symbols
)
("C:\Program Files\MiKTeX 2.9\tex\latex\amsmath\amscd.sty"
Package: amscd 1999/11/29 v2.0
\athelp@=\toks21
\minaw@=\dimen114
\bigaw@=\dimen115
\minCDarrowwidth=\dimen116
)
("C:\Program Files\MiKTeX 2.9\tex\latex\amscls\amsthm.sty"
Package: amsthm 2004/08/06 v2.20
\thm@style=\toks22
\thm@bodyfont=\toks23
\thm@headfont=\toks24
\thm@notefont=\toks25
\thm@headpunct=\toks26
\thm@preskip=\skip55
\thm@postskip=\skip56
\thm@headsep=\skip57
\dth@everypar=\toks27
)
("C:\Program Files\MiKTeX 2.9\tex\latex\tools\xspace.sty"
Package: xspace 2009/10/20 v1.13 Space after command names (DPC,MH)
)
\c@example=\count100
\c@theorem=\count101

("C:\Program Files\MiKTeX 2.9\tex\latex\caption\caption.sty"
Package: caption 2013/05/02 v3.3-89 Customizing captions (AR)

("C:\Program Files\MiKTeX 2.9\tex\latex\caption\caption3.sty"
Package: caption3 2013/05/02 v1.6-88 caption3 kernel (AR)
Package caption3 Info: TeX engine: e-TeX on input line 57.

("C:\Program Files\MiKTeX 2.9\tex\latex\graphics\keyval.sty"
Package: keyval 1999/03/16 v1.13 key=value parser (DPC)
\KV@toks@=\toks28
)
\captionmargin=\dimen117
\captionmargin@=\dimen118
\captionwidth=\dimen119
\caption@tempdima=\dimen120
\caption@indent=\dimen121
\caption@parindent=\dimen122
\caption@hangindent=\dimen123
)
\c@ContinuedFloat=\count102
)
("C:\Program Files\MiKTeX 2.9\tex\latex\graphics\graphicx.sty"
Package: graphicx 1999/02/16 v1.0f Enhanced LaTeX Graphics (DPC,SPQR)

("C:\Program Files\MiKTeX 2.9\tex\latex\graphics\graphics.sty"
Package: graphics 2009/02/05 v1.0o Standard LaTeX Graphics (DPC,SPQR)

("C:\Program Files\MiKTeX 2.9\tex\latex\graphics\trig.sty"
Package: trig 1999/03/16 v1.09 sin cos tan (DPC)
)
("C:\Program Files\MiKTeX 2.9\tex\latex\00miktex\graphics.cfg"
File: graphics.cfg 2007/01/18 v1.5 graphics configuration of teTeX/TeXLive
)
Package graphics Info: Driver file: pdftex.def on input line 91.

("C:\Program Files\MiKTeX 2.9\tex\latex\pdftex-def\pdftex.def"
File: pdftex.def 2011/05/27 v0.06d Graphics/color for pdfTeX

("C:\Program Files\MiKTeX 2.9\tex\generic\oberdiek\infwarerr.sty"
Package: infwarerr 2010/04/08 v1.3 Providing info/warning/error messages (HO)
)
("C:\Program Files\MiKTeX 2.9\tex\generic\oberdiek\ltxcmds.sty"
Package: ltxcmds 2011/11/09 v1.22 LaTeX kernel commands for general use (HO)
)
\Gread@gobject=\count103
))
\Gin@req@height=\dimen124
\Gin@req@width=\dimen125
)
("C:\Program Files\MiKTeX 2.9\tex\latex\oberdiek\epstopdf.sty"
Package: epstopdf 2010/02/09 v2.5 Conversion with epstopdf on the fly (HO)

("C:\Program Files\MiKTeX 2.9\tex\latex\oberdiek\epstopdf-base.sty"
Package: epstopdf-base 2010/02/09 v2.5 Base part for package epstopdf

("C:\Program Files\MiKTeX 2.9\tex\latex\oberdiek\grfext.sty"
Package: grfext 2010/08/19 v1.1 Manage graphics extensions (HO)

("C:\Program Files\MiKTeX 2.9\tex\generic\oberdiek\kvdefinekeys.sty"
Package: kvdefinekeys 2011/04/07 v1.3 Define keys (HO)
))
("C:\Program Files\MiKTeX 2.9\tex\latex\oberdiek\kvoptions.sty"
Package: kvoptions 2011/06/30 v3.11 Key value format for package options (HO)

("C:\Program Files\MiKTeX 2.9\tex\generic\oberdiek\kvsetkeys.sty"
Package: kvsetkeys 2012/04/25 v1.16 Key value parser (HO)

("C:\Program Files\MiKTeX 2.9\tex\generic\oberdiek\etexcmds.sty"
Package: etexcmds 2011/02/16 v1.5 Avoid name clashes with e-TeX commands (HO)

("C:\Program Files\MiKTeX 2.9\tex\generic\oberdiek\ifluatex.sty"
Package: ifluatex 2010/03/01 v1.3 Provides the ifluatex switch (HO)
Package ifluatex Info: LuaTeX not detected.
)
Package etexcmds Info: Could not find \expanded.
(etexcmds)             That can mean that you are not using pdfTeX 1.50 or
(etexcmds)             that some package has redefined \expanded.
(etexcmds)             In the latter case, load this package earlier.
)))
("C:\Program Files\MiKTeX 2.9\tex\generic\oberdiek\pdftexcmds.sty"
Package: pdftexcmds 2011/11/29 v0.20 Utility functions of pdfTeX for LuaTeX (HO
)

("C:\Program Files\MiKTeX 2.9\tex\generic\oberdiek\ifpdf.sty"
Package: ifpdf 2011/01/30 v2.3 Provides the ifpdf switch (HO)
Package ifpdf Info: pdfTeX in PDF mode is detected.
)
Package pdftexcmds Info: LuaTeX not detected.
Package pdftexcmds Info: \pdf@primitive is available.
Package pdftexcmds Info: \pdf@ifprimitive is available.
Package pdftexcmds Info: \pdfdraftmode found.
)
Package grfext Info: Graphics extension search list:
(grfext)             [.png,.pdf,.jpg,.mps,.jpeg,.jbig2,.jb2,.PNG,.PDF,.JPG,.JPE
G,.JBIG2,.JB2,.eps]
(grfext)             \AppendGraphicsExtensions on input line 452.
))
("C:\Program Files\MiKTeX 2.9\tex\latex\booktabs\booktabs.sty"
Package: booktabs 2005/04/14 v1.61803 publication quality tables
\heavyrulewidth=\dimen126
\lightrulewidth=\dimen127
\cmidrulewidth=\dimen128
\belowrulesep=\dimen129
\belowbottomsep=\dimen130
\aboverulesep=\dimen131
\abovetopsep=\dimen132
\cmidrulesep=\dimen133
\cmidrulekern=\dimen134
\defaultaddspace=\dimen135
\@cmidla=\count104
\@cmidlb=\count105
\@aboverulesep=\dimen136
\@belowrulesep=\dimen137
\@thisruleclass=\count106
\@lastruleclass=\count107
\@thisrulewidth=\dimen138
)
("C:\Program Files\MiKTeX 2.9\tex\latex\rotating\rotating.sty"
Package: rotating 2009/03/28 v2.16a rotated objects in LaTeX

("C:\Program Files\MiKTeX 2.9\tex\latex\base\ifthen.sty"
Package: ifthen 2001/05/26 v1.1c Standard LaTeX ifthen package (DPC)
)
\c@r@tfl@t=\count108
\rotFPtop=\skip58
\rotFPbot=\skip59
\rot@float@box=\box28
\rot@mess@toks=\toks29
)
("C:\Program Files\MiKTeX 2.9\tex\latex\listings\listings.sty"
\lst@mode=\count109
\lst@gtempboxa=\box29
\lst@token=\toks30
\lst@length=\count110
\lst@currlwidth=\dimen139
\lst@column=\count111
\lst@pos=\count112
\lst@lostspace=\dimen140
\lst@width=\dimen141
\lst@newlines=\count113
\lst@lineno=\count114
\lst@maxwidth=\dimen142

(C:\Users\Suvadip\Dropbox\Drafts\Thesis\main\lstpatch.sty

***
*** This is a patch for listings 1.3, but you're using
*** version 1.5e.
***
*** Patch file not loaded.
***

) ("C:\Program Files\MiKTeX 2.9\tex\latex\listings\lstmisc.sty"
File: lstmisc.sty 2014/09/06 1.5e (Carsten Heinz)
\c@lstnumber=\count115
\lst@skipnumbers=\count116
\lst@framebox=\box30
)
("C:\Program Files\MiKTeX 2.9\tex\latex\listings\listings.cfg"
File: listings.cfg 2014/09/06 1.5e listings configuration
))
Package: listings 2014/09/06 1.5e (Carsten Heinz)

(C:\Users\Suvadip\Dropbox\Drafts\Thesis\main\lstpatch.sty

***
*** This is a patch for listings 1.3, but you're using
*** version 1.5e.
***
 *** Patch file not loaded.
***

) ("C:\Program Files\MiKTeX 2.9\tex\latex\hyperref\hyperref.sty"
Package: hyperref 2012/11/06 v6.83m Hypertext links for LaTeX

("C:\Program Files\MiKTeX 2.9\tex\generic\oberdiek\hobsub-hyperref.sty"
Package: hobsub-hyperref 2012/04/25 v1.12 Bundle oberdiek, subset hyperref (HO)


("C:\Program Files\MiKTeX 2.9\tex\generic\oberdiek\hobsub-generic.sty"
Package: hobsub-generic 2012/04/25 v1.12 Bundle oberdiek, subset generic (HO)
Package: hobsub 2012/04/25 v1.12 Construct package bundles (HO)
Package hobsub Info: Skipping package `infwarerr' (already loaded).
Package hobsub Info: Skipping package `ltxcmds' (already loaded).
Package hobsub Info: Skipping package `ifluatex' (already loaded).
Package: ifvtex 2010/03/01 v1.5 Detect VTeX and its facilities (HO)
Package ifvtex Info: VTeX not detected.
Package: intcalc 2007/09/27 v1.1 Expandable calculations with integers (HO)
Package hobsub Info: Skipping package `ifpdf' (already loaded).
Package hobsub Info: Skipping package `etexcmds' (already loaded).
Package hobsub Info: Skipping package `kvsetkeys' (already loaded).
Package hobsub Info: Skipping package `kvdefinekeys' (already loaded).
Package hobsub Info: Skipping package `pdftexcmds' (already loaded).
Package: pdfescape 2011/11/25 v1.13 Implements pdfTeX's escape features (HO)
Package: bigintcalc 2012/04/08 v1.3 Expandable calculations on big integers (HO
)
Package: bitset 2011/01/30 v1.1 Handle bit-vector datatype (HO)
Package: uniquecounter 2011/01/30 v1.2 Provide unlimited unique counter (HO)
)
Package hobsub Info: Skipping package `hobsub' (already loaded).
Package: letltxmacro 2010/09/02 v1.4 Let assignment for LaTeX macros (HO)
Package: hopatch 2011/06/24 v1.1 Wrapper for package hooks (HO)
Package: xcolor-patch 2011/01/30 xcolor patch
Package: atveryend 2011/06/30 v1.8 Hooks at the very end of document (HO)
Package atveryend Info: \enddocument detected (standard20110627).
Package: atbegshi 2011/10/05 v1.16 At begin shipout hook (HO)
Package: refcount 2011/10/16 v3.4 Data extraction from label references (HO)
Package: hycolor 2011/01/30 v1.7 Color options for hyperref/bookmark (HO)
)
("C:\Program Files\MiKTeX 2.9\tex\generic\ifxetex\ifxetex.sty"
Package: ifxetex 2010/09/12 v0.6 Provides ifxetex conditional
)
("C:\Program Files\MiKTeX 2.9\tex\latex\oberdiek\auxhook.sty"
Package: auxhook 2011/03/04 v1.3 Hooks for auxiliary files (HO)
)
\@linkdim=\dimen143
\Hy@linkcounter=\count117
\Hy@pagecounter=\count118

("C:\Program Files\MiKTeX 2.9\tex\latex\hyperref\pd1enc.def"
File: pd1enc.def 2012/11/06 v6.83m Hyperref: PDFDocEncoding definition (HO)
Now handling font encoding PD1 ...
... no UTF-8 mapping file for font encoding PD1
)
\Hy@SavedSpaceFactor=\count119

("C:\Program Files\MiKTeX 2.9\tex\latex\00miktex\hyperref.cfg"
File: hyperref.cfg 2002/06/06 v1.2 hyperref configuration of TeXLive
)
Package hyperref Info: Option `bookmarks' set `true' on input line 4319.
Package hyperref Info: Option `bookmarksopen' set `true' on input line 4319.
Package hyperref Info: Option `bookmarksnumbered' set `true' on input line 4319
.
Package hyperref Info: Option `hypertexnames' set `false' on input line 4319.
Package hyperref Info: Option `colorlinks' set `true' on input line 4319.
Package hyperref Info: Option `unicode' set `true' on input line 4319.

("C:\Program Files\MiKTeX 2.9\tex\latex\hyperref\puenc.def"
File: puenc.def 2012/11/06 v6.83m Hyperref: PDF Unicode definition (HO)
Now handling font encoding PU ...
... no UTF-8 mapping file for font encoding PU
)
Package hyperref Info: Option `breaklinks' set `true' on input line 4319.
Package hyperref Info: Hyper figures OFF on input line 4443.
Package hyperref Info: Link nesting OFF on input line 4448.
Package hyperref Info: Hyper index ON on input line 4451.
Package hyperref Info: Plain pages OFF on input line 4458.
Package hyperref Info: Backreferencing OFF on input line 4463.
Package hyperref Info: Implicit mode ON; LaTeX internals redefined.
Package hyperref Info: Bookmarks ON on input line 4688.
\c@Hy@tempcnt=\count120

("C:\Program Files\MiKTeX 2.9\tex\latex\url\url.sty"
\Urlmuskip=\muskip11
Package: url 2013/09/16  ver 3.4  Verb mode for urls, etc.
)
LaTeX Info: Redefining \url on input line 5041.
\XeTeXLinkMargin=\dimen144
\Fld@menulength=\count121
\Field@Width=\dimen145
\Fld@charsize=\dimen146
Package hyperref Info: Hyper figures OFF on input line 6295.
Package hyperref Info: Link nesting OFF on input line 6300.
Package hyperref Info: Hyper index ON on input line 6303.
Package hyperref Info: backreferencing OFF on input line 6310.
Package hyperref Info: Link coloring ON on input line 6313.
Package hyperref Info: Link coloring with OCG OFF on input line 6320.
Package hyperref Info: PDF/A mode OFF on input line 6325.
LaTeX Info: Redefining \ref on input line 6365.
LaTeX Info: Redefining \pageref on input line 6369.
\Hy@abspage=\count122
\c@Item=\count123
\c@Hfootnote=\count124
)

Package hyperref Message: Driver (autodetected): hpdftex.

("C:\Program Files\MiKTeX 2.9\tex\latex\hyperref\hpdftex.def"
File: hpdftex.def 2012/11/06 v6.83m Hyperref driver for pdfTeX
\Fld@listcount=\count125
\c@bookmark@seq@number=\count126

("C:\Program Files\MiKTeX 2.9\tex\latex\oberdiek\rerunfilecheck.sty"
Package: rerunfilecheck 2011/04/15 v1.7 Rerun checks for auxiliary files (HO)
Package uniquecounter Info: New unique counter `rerunfilecheck' on input line 2
82.
)
\Hy@SectionHShift=\skip60
)
\c@dummy=\count127

("C:\Program Files\MiKTeX 2.9\tex\latex\tools\longtable.sty"
Package: longtable 2004/02/01 v4.11 Multi-page Table package (DPC)
\LTleft=\skip61
\LTright=\skip62
\LTpre=\skip63
\LTpost=\skip64
\LTchunksize=\count128
\LTcapwidth=\dimen147
\LT@head=\box31
\LT@firsthead=\box32
\LT@foot=\box33
\LT@lastfoot=\box34
\LT@cols=\count129
\LT@rows=\count130
\c@LT@tables=\count131
\c@LT@chunks=\count132
\LT@p@ftn=\toks31
))
Package hyperref Info: Option `colorlinks' set `false' on input line 8.

("C:\Program Files\MiKTeX 2.9\tex\latex\tools\enumerate.sty"
Package: enumerate 1999/03/05 v3.00 enumerate extensions (DPC)
\@enLab=\toks32
)
("C:\Program Files\MiKTeX 2.9\tex\latex\graphics\color.sty"
Package: color 2005/11/14 v1.0j Standard LaTeX Color (DPC)

("C:\Program Files\MiKTeX 2.9\tex\latex\00miktex\color.cfg"
File: color.cfg 2007/01/18 v1.5 color configuration of teTeX/TeXLive
)
Package color Info: Driver file: pdftex.def on input line 130.
)
("C:\Program Files\MiKTeX 2.9\tex\latex\cite\cite.sty"
LaTeX Info: Redefining \cite on input line 302.
LaTeX Info: Redefining \nocite on input line 373.
Package: cite 2010/09/10  v 5.3
)
("C:\Program Files\MiKTeX 2.9\tex\latex\todonotes\todonotes.sty"
Package: todonotes 2012/07/25 .dtx Todonotes source and documentation.
Package: todonotes 2012/07/25

("C:\Program Files\MiKTeX 2.9\tex\latex\xkeyval\xkeyval.sty"
Package: xkeyval 2012/10/14 v2.6b package option processing (HA)

("C:\Program Files\MiKTeX 2.9\tex\generic\xkeyval\xkeyval.tex"
\XKV@toks=\toks33
\XKV@tempa@toks=\toks34
\XKV@depth=\count133
File: xkeyval.tex 2012/10/14 v2.6b key=value parser (HA)
))
("C:\Program Files\MiKTeX 2.9\tex\latex\xcolor\xcolor.sty"
Package: xcolor 2007/01/21 v2.11 LaTeX color extensions (UK)

("C:\Program Files\MiKTeX 2.9\tex\latex\00miktex\color.cfg"
File: color.cfg 2007/01/18 v1.5 color configuration of teTeX/TeXLive
)
Package xcolor Info: Driver file: pdftex.def on input line 225.
LaTeX Info: Redefining \color on input line 702.
Package xcolor Info: Model `cmy' substituted by `cmy0' on input line 1337.
Package xcolor Info: Model `hsb' substituted by `rgb' on input line 1341.
Package xcolor Info: Model `RGB' extended on input line 1353.
Package xcolor Info: Model `HTML' substituted by `rgb' on input line 1355.
Package xcolor Info: Model `Hsb' substituted by `hsb' on input line 1356.
Package xcolor Info: Model `tHsb' substituted by `hsb' on input line 1357.
Package xcolor Info: Model `HSB' substituted by `hsb' on input line 1358.
Package xcolor Info: Model `Gray' substituted by `gray' on input line 1359.
Package xcolor Info: Model `wave' substituted by `hsb' on input line 1360.
)
("C:\Program Files\MiKTeX 2.9\tex\latex\pgf\frontendlayer\tikz.sty"
("C:\Program Files\MiKTeX 2.9\tex\latex\pgf\basiclayer\pgf.sty"
("C:\Program Files\MiKTeX 2.9\tex\latex\pgf\utilities\pgfrcs.sty"
("C:\Program Files\MiKTeX 2.9\tex\generic\pgf\utilities\pgfutil-common.tex"
\pgfutil@everybye=\toks35
\pgfutil@tempdima=\dimen148
\pgfutil@tempdimb=\dimen149

("C:\Program Files\MiKTeX 2.9\tex\generic\pgf\utilities\pgfutil-common-lists.te
x")) ("C:\Program Files\MiKTeX 2.9\tex\generic\pgf\utilities\pgfutil-latex.def"
\pgfutil@abb=\box35
("C:\Program Files\MiKTeX 2.9\tex\latex\ms\everyshi.sty"
Package: everyshi 2001/05/15 v3.00 EveryShipout Package (MS)
))
("C:\Program Files\MiKTeX 2.9\tex\generic\pgf\utilities\pgfrcs.code.tex"
Package: pgfrcs 2013/12/20 v3.0.0 (rcs-revision 1.28)
))
Package: pgf 2013/12/18 v3.0.0 (rcs-revision 1.14)

("C:\Program Files\MiKTeX 2.9\tex\latex\pgf\basiclayer\pgfcore.sty"
("C:\Program Files\MiKTeX 2.9\tex\latex\pgf\systemlayer\pgfsys.sty"
("C:\Program Files\MiKTeX 2.9\tex\generic\pgf\systemlayer\pgfsys.code.tex"
Package: pgfsys 2013/11/30 v3.0.0 (rcs-revision 1.47)

("C:\Program Files\MiKTeX 2.9\tex\generic\pgf\utilities\pgfkeys.code.tex"
\pgfkeys@pathtoks=\toks36
\pgfkeys@temptoks=\toks37

("C:\Program Files\MiKTeX 2.9\tex\generic\pgf\utilities\pgfkeysfiltered.code.te
x"
\pgfkeys@tmptoks=\toks38
))
\pgf@x=\dimen150
\pgf@y=\dimen151
\pgf@xa=\dimen152
\pgf@ya=\dimen153
\pgf@xb=\dimen154
\pgf@yb=\dimen155
\pgf@xc=\dimen156
\pgf@yc=\dimen157
\w@pgf@writea=\write3
\r@pgf@reada=\read1
\c@pgf@counta=\count134
\c@pgf@countb=\count135
\c@pgf@countc=\count136
\c@pgf@countd=\count137
\t@pgf@toka=\toks39
\t@pgf@tokb=\toks40
\t@pgf@tokc=\toks41
 ("C:\Program Files\MiKTeX 2.9\tex\generic\pgf\systemlayer\pgf.cfg"
File: pgf.cfg 2008/05/14  (rcs-revision 1.7)
)
Driver file for pgf: pgfsys-pdftex.def

("C:\Program Files\MiKTeX 2.9\tex\generic\pgf\systemlayer\pgfsys-pdftex.def"
File: pgfsys-pdftex.def 2013/07/18  (rcs-revision 1.33)

("C:\Program Files\MiKTeX 2.9\tex\generic\pgf\systemlayer\pgfsys-common-pdf.def
"
File: pgfsys-common-pdf.def 2013/10/10  (rcs-revision 1.13)
)))
("C:\Program Files\MiKTeX 2.9\tex\generic\pgf\systemlayer\pgfsyssoftpath.code.t
ex"
File: pgfsyssoftpath.code.tex 2013/09/09  (rcs-revision 1.9)
\pgfsyssoftpath@smallbuffer@items=\count138
\pgfsyssoftpath@bigbuffer@items=\count139
)
("C:\Program Files\MiKTeX 2.9\tex\generic\pgf\systemlayer\pgfsysprotocol.code.t
ex"
File: pgfsysprotocol.code.tex 2006/10/16  (rcs-revision 1.4)
)) ("C:\Program Files\MiKTeX 2.9\tex\generic\pgf\basiclayer\pgfcore.code.tex"
Package: pgfcore 2010/04/11 v3.0.0 (rcs-revision 1.7)
 ("C:\Program Files\MiKTeX 2.9\tex\generic\pgf\math\pgfmath.code.tex"
("C:\Program Files\MiKTeX 2.9\tex\generic\pgf\math\pgfmathcalc.code.tex"
("C:\Program Files\MiKTeX 2.9\tex\generic\pgf\math\pgfmathutil.code.tex")
("C:\Program Files\MiKTeX 2.9\tex\generic\pgf\math\pgfmathparser.code.tex"
\pgfmath@dimen=\dimen158
\pgfmath@count=\count140
\pgfmath@box=\box36
\pgfmath@toks=\toks42
\pgfmath@stack@operand=\toks43
\pgfmath@stack@operation=\toks44
)
("C:\Program Files\MiKTeX 2.9\tex\generic\pgf\math\pgfmathfunctions.code.tex"
("C:\Program Files\MiKTeX 2.9\tex\generic\pgf\math\pgfmathfunctions.basic.code.
tex")
("C:\Program Files\MiKTeX 2.9\tex\generic\pgf\math\pgfmathfunctions.trigonometr
ic.code.tex")
("C:\Program Files\MiKTeX 2.9\tex\generic\pgf\math\pgfmathfunctions.random.code
.tex")
("C:\Program Files\MiKTeX 2.9\tex\generic\pgf\math\pgfmathfunctions.comparison.
code.tex")
("C:\Program Files\MiKTeX 2.9\tex\generic\pgf\math\pgfmathfunctions.base.code.t
ex")
("C:\Program Files\MiKTeX 2.9\tex\generic\pgf\math\pgfmathfunctions.round.code.
tex")
("C:\Program Files\MiKTeX 2.9\tex\generic\pgf\math\pgfmathfunctions.misc.code.t
ex")
("C:\Program Files\MiKTeX 2.9\tex\generic\pgf\math\pgfmathfunctions.integerarit
hmetics.code.tex")))
("C:\Program Files\MiKTeX 2.9\tex\generic\pgf\math\pgfmathfloat.code.tex"
\c@pgfmathroundto@lastzeros=\count141
))
("C:\Program Files\MiKTeX 2.9\tex\generic\pgf\basiclayer\pgfcorepoints.code.tex
"
File: pgfcorepoints.code.tex 2013/10/07  (rcs-revision 1.27)
\pgf@picminx=\dimen159
\pgf@picmaxx=\dimen160
\pgf@picminy=\dimen161
\pgf@picmaxy=\dimen162
\pgf@pathminx=\dimen163
\pgf@pathmaxx=\dimen164
\pgf@pathminy=\dimen165
\pgf@pathmaxy=\dimen166
\pgf@xx=\dimen167
\pgf@xy=\dimen168
\pgf@yx=\dimen169
\pgf@yy=\dimen170
\pgf@zx=\dimen171
\pgf@zy=\dimen172
)
("C:\Program Files\MiKTeX 2.9\tex\generic\pgf\basiclayer\pgfcorepathconstruct.c
ode.tex"
File: pgfcorepathconstruct.code.tex 2013/10/07  (rcs-revision 1.29)
\pgf@path@lastx=\dimen173
\pgf@path@lasty=\dimen174
)
("C:\Program Files\MiKTeX 2.9\tex\generic\pgf\basiclayer\pgfcorepathusage.code.
tex"
File: pgfcorepathusage.code.tex 2013/12/13  (rcs-revision 1.23)
\pgf@shorten@end@additional=\dimen175
\pgf@shorten@start@additional=\dimen176
)
("C:\Program Files\MiKTeX 2.9\tex\generic\pgf\basiclayer\pgfcorescopes.code.tex
"
File: pgfcorescopes.code.tex 2013/10/09  (rcs-revision 1.44)
\pgfpic=\box37
\pgf@hbox=\box38
\pgf@layerbox@main=\box39
\pgf@picture@serial@count=\count142
)
("C:\Program Files\MiKTeX 2.9\tex\generic\pgf\basiclayer\pgfcoregraphicstate.co
de.tex"
File: pgfcoregraphicstate.code.tex 2013/09/19  (rcs-revision 1.11)
\pgflinewidth=\dimen177
)
("C:\Program Files\MiKTeX 2.9\tex\generic\pgf\basiclayer\pgfcoretransformations
.code.tex"
File: pgfcoretransformations.code.tex 2013/10/10  (rcs-revision 1.17)
\pgf@pt@x=\dimen178
\pgf@pt@y=\dimen179
\pgf@pt@temp=\dimen180
)
("C:\Program Files\MiKTeX 2.9\tex\generic\pgf\basiclayer\pgfcorequick.code.tex"
File: pgfcorequick.code.tex 2008/10/09  (rcs-revision 1.3)
)
("C:\Program Files\MiKTeX 2.9\tex\generic\pgf\basiclayer\pgfcoreobjects.code.te
x"
File: pgfcoreobjects.code.tex 2006/10/11  (rcs-revision 1.2)
)
("C:\Program Files\MiKTeX 2.9\tex\generic\pgf\basiclayer\pgfcorepathprocessing.
code.tex"
File: pgfcorepathprocessing.code.tex 2013/09/09  (rcs-revision 1.9)
)
("C:\Program Files\MiKTeX 2.9\tex\generic\pgf\basiclayer\pgfcorearrows.code.tex
"
File: pgfcorearrows.code.tex 2013/11/07  (rcs-revision 1.40)
\pgfarrowsep=\dimen181
)
("C:\Program Files\MiKTeX 2.9\tex\generic\pgf\basiclayer\pgfcoreshade.code.tex"
File: pgfcoreshade.code.tex 2013/07/15  (rcs-revision 1.15)
\pgf@max=\dimen182
\pgf@sys@shading@range@num=\count143
) ("C:\Program Files\MiKTeX 2.9\tex\generic\pgf\basiclayer\pgfcoreimage.code.te
x"
File: pgfcoreimage.code.tex 2013/07/15  (rcs-revision 1.18)

("C:\Program Files\MiKTeX 2.9\tex\generic\pgf\basiclayer\pgfcoreexternal.code.t
ex"
File: pgfcoreexternal.code.tex 2013/07/15  (rcs-revision 1.20)
\pgfexternal@startupbox=\box40
))
("C:\Program Files\MiKTeX 2.9\tex\generic\pgf\basiclayer\pgfcorelayers.code.tex
"
File: pgfcorelayers.code.tex 2013/07/18  (rcs-revision 1.7)
)
("C:\Program Files\MiKTeX 2.9\tex\generic\pgf\basiclayer\pgfcoretransparency.co
de.tex"
File: pgfcoretransparency.code.tex 2013/09/30  (rcs-revision 1.5)
)
("C:\Program Files\MiKTeX 2.9\tex\generic\pgf\basiclayer\pgfcorepatterns.code.t
ex"
File: pgfcorepatterns.code.tex 2013/11/07  (rcs-revision 1.5)
)))
("C:\Program Files\MiKTeX 2.9\tex\generic\pgf\modules\pgfmoduleshapes.code.tex"
File: pgfmoduleshapes.code.tex 2013/10/31  (rcs-revision 1.34)
\pgfnodeparttextbox=\box41
) ("C:\Program Files\MiKTeX 2.9\tex\generic\pgf\modules\pgfmoduleplot.code.tex"
File: pgfmoduleplot.code.tex 2013/07/31  (rcs-revision 1.12)
)
("C:\Program Files\MiKTeX 2.9\tex\latex\pgf\compatibility\pgfcomp-version-0-65.
sty"
Package: pgfcomp-version-0-65 2007/07/03 v3.0.0 (rcs-revision 1.7)
\pgf@nodesepstart=\dimen183
\pgf@nodesepend=\dimen184
)
("C:\Program Files\MiKTeX 2.9\tex\latex\pgf\compatibility\pgfcomp-version-1-18.
sty"
Package: pgfcomp-version-1-18 2007/07/23 v3.0.0 (rcs-revision 1.1)
)) ("C:\Program Files\MiKTeX 2.9\tex\latex\pgf\utilities\pgffor.sty"
("C:\Program Files\MiKTeX 2.9\tex\latex\pgf\utilities\pgfkeys.sty"
("C:\Program Files\MiKTeX 2.9\tex\generic\pgf\utilities\pgfkeys.code.tex"))
("C:\Program Files\MiKTeX 2.9\tex\latex\pgf\math\pgfmath.sty"
("C:\Program Files\MiKTeX 2.9\tex\generic\pgf\math\pgfmath.code.tex"))
("C:\Program Files\MiKTeX 2.9\tex\generic\pgf\utilities\pgffor.code.tex"
Package: pgffor 2013/12/13 v3.0.0 (rcs-revision 1.25)

("C:\Program Files\MiKTeX 2.9\tex\generic\pgf\math\pgfmath.code.tex")
\pgffor@iter=\dimen185
\pgffor@skip=\dimen186
\pgffor@stack=\toks45
\pgffor@toks=\toks46
))
("C:\Program Files\MiKTeX 2.9\tex\generic\pgf\frontendlayer\tikz\tikz.code.tex"
Package: tikz 2013/12/13 v3.0.0 (rcs-revision 1.142)

("C:\Program Files\MiKTeX 2.9\tex\generic\pgf\libraries\pgflibraryplothandlers.
code.tex"
File: pgflibraryplothandlers.code.tex 2013/08/31 v3.0.0 (rcs-revision 1.20)
\pgf@plot@mark@count=\count144
\pgfplotmarksize=\dimen187
)
\tikz@lastx=\dimen188
\tikz@lasty=\dimen189
\tikz@lastxsaved=\dimen190
\tikz@lastysaved=\dimen191
\tikzleveldistance=\dimen192
\tikzsiblingdistance=\dimen193
\tikz@figbox=\box42
\tikz@figbox@bg=\box43
\tikz@tempbox=\box44
\tikz@tempbox@bg=\box45
\tikztreelevel=\count145
\tikznumberofchildren=\count146
\tikznumberofcurrentchild=\count147
\tikz@fig@count=\count148

("C:\Program Files\MiKTeX 2.9\tex\generic\pgf\modules\pgfmodulematrix.code.tex"
File: pgfmodulematrix.code.tex 2013/09/17  (rcs-revision 1.8)
\pgfmatrixcurrentrow=\count149
\pgfmatrixcurrentcolumn=\count150
\pgf@matrix@numberofcolumns=\count151
)
\tikz@expandcount=\count152

("C:\Program Files\MiKTeX 2.9\tex\generic\pgf\frontendlayer\tikz\libraries\tikz
librarytopaths.code.tex"
File: tikzlibrarytopaths.code.tex 2008/06/17 v3.0.0 (rcs-revision 1.2)
)))
("C:\Program Files\MiKTeX 2.9\tex\generic\pgf\frontendlayer\tikz\libraries\tikz
librarypositioning.code.tex"
File: tikzlibrarypositioning.code.tex 2008/10/06 v3.0.0 (rcs-revision 1.7)
)
("C:\Program Files\MiKTeX 2.9\tex\latex\tools\calc.sty"
Package: calc 2007/08/22 v4.3 Infix arithmetic (KKT,FJ)
\calc@Acount=\count153
\calc@Bcount=\count154
\calc@Adimen=\dimen194
\calc@Bdimen=\dimen195
\calc@Askip=\skip65
\calc@Bskip=\skip66
LaTeX Info: Redefining \setlength on input line 76.
LaTeX Info: Redefining \addtolength on input line 77.
\calc@Ccount=\count155
\calc@Cskip=\skip67
)
\c@@todonotes@numberoftodonotes=\count156
)
("C:\Program Files\MiKTeX 2.9\tex\latex\adjustbox\adjustbox.sty"
Package: adjustbox 2012/05/21 v1.0 Adjusting TeX boxes (trim, clip, ...)

("C:\Program Files\MiKTeX 2.9\tex\latex\adjustbox\adjcalc.sty"
Package: adjcalc 2012/05/16 v1.1 Provides advanced setlength with multiple back
-ends (calc, etex, pgfmath)
)
("C:\Program Files\MiKTeX 2.9\tex\latex\adjustbox\trimclip.sty"
Package: trimclip 2012/05/16 v1.0 Trim and clip general TeX material

("C:\Program Files\MiKTeX 2.9\tex\latex\collectbox\collectbox.sty"
Package: collectbox 2012/05/17 v0.4b Collect macro arguments as boxes
\collectedbox=\box46
)
\tc@llx=\dimen196
\tc@lly=\dimen197
\tc@urx=\dimen198
\tc@ury=\dimen199
Package trimclip Info: Using driver 'tc-pdftex.def'.

("C:\Program Files\MiKTeX 2.9\tex\latex\adjustbox\tc-pdftex.def"
File: tc-pdftex.def 2012/05/13 v1.0 Clipping driver for pdftex
))
\adjbox@Width=\dimen200
\adjbox@Height=\dimen201
\adjbox@Depth=\dimen202
\adjbox@Totalheight=\dimen203

("C:\Program Files\MiKTeX 2.9\tex\latex\ifoddpage\ifoddpage.sty"
Package: ifoddpage 2011/09/13 v1.0 Conditionals for odd/even page detection
\c@checkoddpage=\count157
)
("C:\Program Files\MiKTeX 2.9\tex\latex\ltxmisc\varwidth.sty"
Package: varwidth 2009/03/30 ver 0.92;  Variable-width minipages
\@vwid@box=\box47
\sift@deathcycles=\count158
\@vwid@loff=\dimen204
\@vwid@roff=\dimen205
))
("C:\Program Files\MiKTeX 2.9\tex\latex\subfigure\subfigure.sty"
Package: subfigure 2002/07/30 v2.1.4 subfigure package
\subfigtopskip=\skip68
\subfigcapskip=\skip69
\subfigcaptopadj=\dimen206
\subfigbottomskip=\skip70
\subfigcapmargin=\dimen207
\subfiglabelskip=\skip71
\c@subfigure=\count159
\c@lofdepth=\count160
\c@subtable=\count161
\c@lotdepth=\count162

****************************************
* Local config file subfigure.cfg used *
****************************************
("C:\Program Files\MiKTeX 2.9\tex\latex\subfigure\subfigure.cfg")
\subfig@top=\skip72
\subfig@bottom=\skip73
)
(C:\Users\Suvadip\Dropbox\Drafts\Thesis\main\suvadip_thesis.aux
(C:\Users\Suvadip\Dropbox\Drafts\Thesis\main\Chapters/Intro_ch2.aux)
(C:\Users\Suvadip\Dropbox\Drafts\Thesis\main\Chapters/Bg_ch.aux)
(C:\Users\Suvadip\Dropbox\Drafts\Thesis\main\Chapters/T2T2_ch.aux)
(C:\Users\Suvadip\Dropbox\Drafts\Thesis\main\Chapters/GAC_ch.aux)
(C:\Users\Suvadip\Dropbox\Drafts\Thesis\main\Chapters/L2S_ch.aux)
(C:\Users\Suvadip\Dropbox\Drafts\Thesis\main\Chapters/TuFF_ch.aux))
LaTeX Font Info:    Checking defaults for OML/cmm/m/it on input line 43.
LaTeX Font Info:    ... okay on input line 43.
LaTeX Font Info:    Checking defaults for T1/cmr/m/n on input line 43.
LaTeX Font Info:    ... okay on input line 43.
LaTeX Font Info:    Checking defaults for OT1/cmr/m/n on input line 43.
LaTeX Font Info:    ... okay on input line 43.
LaTeX Font Info:    Checking defaults for OMS/cmsy/m/n on input line 43.
LaTeX Font Info:    ... okay on input line 43.
LaTeX Font Info:    Checking defaults for OMX/cmex/m/n on input line 43.
LaTeX Font Info:    ... okay on input line 43.
LaTeX Font Info:    Checking defaults for U/cmr/m/n on input line 43.
LaTeX Font Info:    ... okay on input line 43.
LaTeX Font Info:    Checking defaults for PD1/pdf/m/n on input line 43.
LaTeX Font Info:    ... okay on input line 43.
LaTeX Font Info:    Checking defaults for PU/pdf/m/n on input line 43.
LaTeX Font Info:    ... okay on input line 43.
Package caption Info: Begin \AtBeginDocument code.
Package caption Info: hyperref package is loaded.
Package caption Info: listings package is loaded.
Package caption Info: longtable package is loaded.

("C:\Program Files\MiKTeX 2.9\tex\latex\caption\ltcaption.sty"
Package: ltcaption 2013/02/03 v1.3-62 longtable captions (AR)
)
Package caption Info: rotating package is loaded.
Package caption Info: subfigure package is loaded.
Package caption Info: End \AtBeginDocument code.

("C:\Program Files\MiKTeX 2.9\tex\context\base\supp-pdf.mkii"
[Loading MPS to PDF converter (version 2006.09.02).]
\scratchcounter=\count163
\scratchdimen=\dimen208
\scratchbox=\box48
\nofMPsegments=\count164
\nofMParguments=\count165
\everyMPshowfont=\toks47
\MPscratchCnt=\count166
\MPscratchDim=\dimen209
\MPnumerator=\count167
\makeMPintoPDFobject=\count168
\everyMPtoPDFconversion=\toks48
)
\c@lstlisting=\count169
\AtBeginShipoutBox=\box49
Package hyperref Info: Link coloring OFF on input line 43.
 ("C:\Program Files\MiKTeX 2.9\tex\latex\hyperref\nameref.sty"
Package: nameref 2012/10/27 v2.43 Cross-referencing by name of section

("C:\Program Files\MiKTeX 2.9\tex\generic\oberdiek\gettitlestring.sty"
Package: gettitlestring 2010/12/03 v1.4 Cleanup title references (HO)
)
\c@section@level=\count170
)
LaTeX Info: Redefining \ref on input line 43.
LaTeX Info: Redefining \pageref on input line 43.
LaTeX Info: Redefining \nameref on input line 43.

(C:\Users\Suvadip\Dropbox\Drafts\Thesis\main\suvadip_thesis.out)
(C:\Users\Suvadip\Dropbox\Drafts\Thesis\main\suvadip_thesis.out)
\@outlinefile=\write4

ABD: EveryShipout initializing macros [1



{C:/ProgramData/MiKTeX/2.9/pdftex/config/pdftex.map}] (C:\Users\Suvadip\Dropbox
\Drafts\Thesis\main\approval_sheet.tex
Underfull \hbox (badness 10000) in paragraph at lines 5--7

 []

LaTeX Font Info:    Try loading font information for U+msa on input line 11.
("C:\Program Files\MiKTeX 2.9\tex\latex\amsfonts\umsa.fd"
File: umsa.fd 2013/01/14 v3.01 AMS symbols A
)
LaTeX Font Info:    Try loading font information for U+msb on input line 11.

("C:\Program Files\MiKTeX 2.9\tex\latex\amsfonts\umsb.fd"
File: umsb.fd 2013/01/14 v3.01 AMS symbols B
)
Underfull \hbox (badness 10000) in paragraph at lines 13--14

 []


Underfull \hbox (badness 10000) in paragraph at lines 16--18

 []


Underfull \hbox (badness 10000) in paragraph at lines 19--21

 []


Underfull \hbox (badness 10000) in paragraph at lines 22--24

 []


Underfull \hbox (badness 10000) in paragraph at lines 25--27

 []


Underfull \hbox (badness 10000) in paragraph at lines 28--30

 []


Underfull \hbox (badness 10000) in paragraph at lines 34--35

 []

) [1

]
------------------------------------------------------------------------------
 Abstract Page
------------------------------------------------------------------------------
[2

]
------------------------------------------------------------------------------
 Table of Contents
------------------------------------------------------------------------------
(C:\Users\Suvadip\Dropbox\Drafts\Thesis\main\suvadip_thesis.toc [3


] [4]
[5])
\tf@toc=\write5
 [6]
------------------------------------------------------------------------------
 List of Figures
------------------------------------------------------------------------------
(C:\Users\Suvadip\Dropbox\Drafts\Thesis\main\suvadip_thesis.lof [7


])
\tf@lof=\write6
 [8]
------------------------------------------------------------------------------
 List of Tables
------------------------------------------------------------------------------
(C:\Users\Suvadip\Dropbox\Drafts\Thesis\main\suvadip_thesis.lot)
\tf@lot=\write7
 [9


]
------------------------------------------------------------------------------
 Symbols
------------------------------------------------------------------------------

Overfull \hbox (17.43365pt too wide) in alignment at lines 191--191
 [] [] 
 []


Overfull \hbox (17.43365pt too wide) in alignment at lines 191--191
 [] [] 
 []

[10



] (C:\Users\Suvadip\Dropbox\Drafts\Thesis\main\zcom.tex)
(C:\Users\Suvadip\Dropbox\Drafts\Thesis\main\Chapters/Intro_ch2.tex
Chapter 1.
------------------------------------------------------------------------------
 1 Introduction
------------------------------------------------------------------------------
[1




] [2] [3]
Overfull \hbox (4.2455pt too wide) in paragraph at lines 43--44
[]\OT1/cmr/m/n/12 The per-ti-nent chal-lenge for global struc-tural anal-y-sis 
is to de-velop ap-pro-pri-ate pipeline
 []

[4] <images/lowSNR_1.png, id=523, 525.46312pt x 525.46312pt>
File: images/lowSNR_1.png Graphic file (type png)

<use images/lowSNR_1.png>
Package pdftex.def Info: images/lowSNR_1.png used on input line 55.
(pdftex.def)             Requested size: 131.54329pt x 131.54184pt.

<images/lowSNR_2.png, id=525, 525.46312pt x 525.46312pt>
File: images/lowSNR_2.png Graphic file (type png)

<use images/lowSNR_2.png>
Package pdftex.def Info: images/lowSNR_2.png used on input line 56.
(pdftex.def)             Requested size: 131.54329pt x 131.54184pt.

<images/lowSNR_3.png, id=526, 525.46312pt x 525.46312pt>
File: images/lowSNR_3.png Graphic file (type png)

<use images/lowSNR_3.png>
Package pdftex.def Info: images/lowSNR_3.png used on input line 57.
(pdftex.def)             Requested size: 131.54329pt x 131.54184pt.
 [5] [6 <C:/Users/Suvadip/Dropbox/Drafts/Thesis/main/images/lowSNR_1.png> <C:/U
sers/Suvadip/Dropbox/Drafts/Thesis/main/images/lowSNR_2.png> <C:/Users/Suvadip/
Dropbox/Drafts/Thesis/main/images/lowSNR_3.png>]
[7]
LaTeX Font Info:    Try loading font information for OMS+cmr on input line 125.

 ("C:\Program Files\MiKTeX 2.9\tex\latex\base\omscmr.fd"
File: omscmr.fd 1999/05/25 v2.5h Standard LaTeX font definitions
)
LaTeX Font Info:    Font shape `OMS/cmr/m/n' in size <12> not available
(Font)              Font shape `OMS/cmsy/m/n' tried instead on input line 125.
 [8] [9]) [10]
(C:\Users\Suvadip\Dropbox\Drafts\Thesis\main\Appendices/AppendixDL2S.tex
Appendix A.
------------------------------------------------------------------------------
 A Dictionary Learning Level Set
------------------------------------------------------------------------------
<./images/DL2S/compare/vessINVIVO2_orig.png, id=575, 401.5pt x 240.9pt>
File: ./images/DL2S/compare/vessINVIVO2_orig.png Graphic file (type png)

<use ./images/DL2S/compare/vessINVIVO2_orig.png>
Package pdftex.def Info: ./images/DL2S/compare/vessINVIVO2_orig.png used on inp
ut line 19.
(pdftex.def)             Requested size: 136.0838pt x 81.65128pt.

<./images/DL2S/compare/vessINVIVO2_CV.png, id=576, 241.90375pt x 144.54pt>
File: ./images/DL2S/compare/vessINVIVO2_CV.png Graphic file (type png)

<use ./images/DL2S/compare/vessINVIVO2_CV.png>
Package pdftex.def Info: ./images/DL2S/compare/vessINVIVO2_CV.png used on input
 line 20.
(pdftex.def)             Requested size: 136.0838pt x 81.31456pt.

<./images/DL2S/compare/vessINVIVO2_DL.png, id=577, 181.42781pt x 108.405pt>
File: ./images/DL2S/compare/vessINVIVO2_DL.png Graphic file (type png)

<use ./images/DL2S/compare/vessINVIVO2_DL.png>
Package pdftex.def Info: ./images/DL2S/compare/vessINVIVO2_DL.png used on input
 line 21.
(pdftex.def)             Requested size: 136.0838pt x 81.31346pt.

<./images/DL2S/compare/imCyl2_orig.png, id=578, 100.375pt x 60.225pt>
File: ./images/DL2S/compare/imCyl2_orig.png Graphic file (type png)

<use ./images/DL2S/compare/imCyl2_orig.png>
Package pdftex.def Info: ./images/DL2S/compare/imCyl2_orig.png used on input li
ne 23.
(pdftex.def)             Requested size: 136.0838pt x 81.6623pt.

<./images/DL2S/compare/imCyl2_CV.png, id=579, 200.75pt x 128.48pt>
File: ./images/DL2S/compare/imCyl2_CV.png Graphic file (type png)

<use ./images/DL2S/compare/imCyl2_CV.png>
Package pdftex.def Info: ./images/DL2S/compare/imCyl2_CV.png used on input line
 24.
(pdftex.def)             Requested size: 136.0838pt x 87.09862pt.

<./images/DL2S/compare/imCyl2_DL.png, id=580, 150.5625pt x 96.36pt>
File: ./images/DL2S/compare/imCyl2_DL.png Graphic file (type png)

<use ./images/DL2S/compare/imCyl2_DL.png>
Package pdftex.def Info: ./images/DL2S/compare/imCyl2_DL.png used on input line
 25.
(pdftex.def)             Requested size: 136.0838pt x 87.10104pt.

<./images/DL2S/compare/vessFIRvol15_orig.png, id=581, 100.375pt x 60.225pt>
File: ./images/DL2S/compare/vessFIRvol15_orig.png Graphic file (type png)

<use ./images/DL2S/compare/vessFIRvol15_orig.png>
Package pdftex.def Info: ./images/DL2S/compare/vessFIRvol15_orig.png used on in
put line 27.
(pdftex.def)             Requested size: 136.0838pt x 81.6623pt.

<./images/DL2S/compare/vessFIRvol15_CV.png, id=582, 200.75pt x 128.48pt>
File: ./images/DL2S/compare/vessFIRvol15_CV.png Graphic file (type png)

<use ./images/DL2S/compare/vessFIRvol15_CV.png>
Package pdftex.def Info: ./images/DL2S/compare/vessFIRvol15_CV.png used on inpu
t line 28.
(pdftex.def)             Requested size: 136.0838pt x 87.09862pt.

<./images/DL2S/compare/vessFIRvol15_DL.png, id=583, 150.5625pt x 96.36pt>
File: ./images/DL2S/compare/vessFIRvol15_DL.png Graphic file (type png)

<use ./images/DL2S/compare/vessFIRvol15_DL.png>
Package pdftex.def Info: ./images/DL2S/compare/vessFIRvol15_DL.png used on inpu
t line 29.
(pdftex.def)             Requested size: 136.0838pt x 87.10104pt.
 [111







] [112 <C:/Users/Suvadip/Dropbox/Drafts/Thesis/main/images/DL2S/compare/vessINV
IVO2_orig.png (PNG copy)> <C:/Users/Suvadip/Dropbox/Drafts/Thesis/main/images/D
L2S/compare/vessINVIVO2_CV.png (PNG copy)> <C:/Users/Suvadip/Dropbox/Drafts/The
sis/main/images/DL2S/compare/vessINVIVO2_DL.png (PNG copy)> <C:/Users/Suvadip/D
ropbox/Drafts/Thesis/main/images/DL2S/compare/imCyl2_orig.png (PNG copy)> <C:/U
sers/Suvadip/Dropbox/Drafts/Thesis/main/images/DL2S/compare/imCyl2_CV.png (PNG 
copy)> <C:/Users/Suvadip/Dropbox/Drafts/Thesis/main/images/DL2S/compare/imCyl2_
DL.png (PNG copy)> <C:/Users/Suvadip/Dropbox/Drafts/Thesis/main/images/DL2S/com
pare/vessFIRvol15_orig.png (PNG copy)> <C:/Users/Suvadip/Dropbox/Drafts/Thesis/
main/images/DL2S/compare/vessFIRvol15_CV.png (PNG copy)> <C:/Users/Suvadip/Drop
box/Drafts/Thesis/main/images/DL2S/compare/vessFIRvol15_DL.png (PNG copy)>] [11
3] [114]
<./images/DL2S/evolution/cylDPSS_DLevol570.png, id=631, 240.9pt x 144.54pt>
File: ./images/DL2S/evolution/cylDPSS_DLevol570.png Graphic file (type png)

<use ./images/DL2S/evolution/cylDPSS_DLevol570.png>
Package pdftex.def Info: ./images/DL2S/evolution/cylDPSS_DLevol570.png used on 
input line 85.
(pdftex.def)             Requested size: 108.86842pt x 65.32028pt.

<./images/DL2S/evolution/cylDPSS_DLevol5710.png, id=632, 240.9pt x 144.54pt>
File: ./images/DL2S/evolution/cylDPSS_DLevol5710.png Graphic file (type png)

<use ./images/DL2S/evolution/cylDPSS_DLevol5710.png>
Package pdftex.def Info: ./images/DL2S/evolution/cylDPSS_DLevol5710.png used on
 input line 86.
(pdftex.def)             Requested size: 108.86842pt x 65.32028pt.

<./images/DL2S/evolution/cylDPSS_DLevol5720.png, id=633, 240.9pt x 144.54pt>
File: ./images/DL2S/evolution/cylDPSS_DLevol5720.png Graphic file (type png)

<use ./images/DL2S/evolution/cylDPSS_DLevol5720.png>
Package pdftex.def Info: ./images/DL2S/evolution/cylDPSS_DLevol5720.png used on
 input line 87.
(pdftex.def)             Requested size: 108.86842pt x 65.32028pt.

<./images/DL2S/evolution/cylDPSS_DLevol57221.png, id=634, 240.9pt x 144.54pt>
File: ./images/DL2S/evolution/cylDPSS_DLevol57221.png Graphic file (type png)

<use ./images/DL2S/evolution/cylDPSS_DLevol57221.png>
Package pdftex.def Info: ./images/DL2S/evolution/cylDPSS_DLevol57221.png used o
n input line 88.
(pdftex.def)             Requested size: 108.86842pt x 65.32028pt.

<./images/DL2S/dataset1_dict.png, id=639, 363.60844pt x 109.1578pt>
File: ./images/DL2S/dataset1_dict.png Graphic file (type png)

<use ./images/DL2S/dataset1_dict.png>
Package pdftex.def Info: ./images/DL2S/dataset1_dict.png used on input line 104
.
(pdftex.def)             Requested size: 408.24449pt x 122.56236pt.
 [115 <C:/Users/Suvadip/Dropbox/Drafts/Thesis/main/images/DL2S/evolution/cylDPS
S_DLevol570.png (PNG copy)> <C:/Users/Suvadip/Dropbox/Drafts/Thesis/main/images
/DL2S/evolution/cylDPSS_DLevol5710.png (PNG copy)> <C:/Users/Suvadip/Dropbox/Dr
afts/Thesis/main/images/DL2S/evolution/cylDPSS_DLevol5720.png (PNG copy)> <C:/U
sers/Suvadip/Dropbox/Drafts/Thesis/main/images/DL2S/evolution/cylDPSS_DLevol572
21.png (PNG copy)>]
<./images/DL2S/Initialization/init_ell.png, id=649, 602.25pt x 361.35pt>
File: ./images/DL2S/Initialization/init_ell.png Graphic file (type png)

<use ./images/DL2S/Initialization/init_ell.png>
Package pdftex.def Info: ./images/DL2S/Initialization/init_ell.png used on inpu
t line 121.
(pdftex.def)             Requested size: 108.86842pt x 65.3214pt.

<./images/DL2S/Initialization/vessINVIVO02_CV_ell.png, id=650, 241.90375pt x 14
4.54pt>
File: ./images/DL2S/Initialization/vessINVIVO02_CV_ell.png Graphic file (type p
ng)
 <use ./images/DL2S/Initialization/vessINVIVO02_CV_ell.png>
Package pdftex.def Info: ./images/DL2S/Initialization/vessINVIVO02_CV_ell.png u
sed on input line 122.
(pdftex.def)             Requested size: 108.86842pt x 65.05121pt.

<./images/DL2S/Initialization/vessINVIVO02_L2S_p2_ell.png, id=651, 602.25pt x 3
61.35pt>
File: ./images/DL2S/Initialization/vessINVIVO02_L2S_p2_ell.png Graphic file (ty
pe png)
 <use ./images/DL2S/Initialization/vessINVIVO02_L2S_p2_ell.png>
Package pdftex.def Info: ./images/DL2S/Initialization/vessINVIVO02_L2S_p2_ell.p
ng used on input line 123.
(pdftex.def)             Requested size: 108.86842pt x 65.3214pt.

<./images/DL2S/Initialization/vessINVIVO02_DL_ell.png, id=652, 181.42781pt x 10
8.405pt>
File: ./images/DL2S/Initialization/vessINVIVO02_DL_ell.png Graphic file (type p
ng)
 <use ./images/DL2S/Initialization/vessINVIVO02_DL_ell.png>
Package pdftex.def Info: ./images/DL2S/Initialization/vessINVIVO02_DL_ell.png u
sed on input line 124.
(pdftex.def)             Requested size: 108.86842pt x 65.05176pt.

<./images/DL2S/Initialization/init_mb.png, id=653, 602.25pt x 361.35pt>
File: ./images/DL2S/Initialization/init_mb.png Graphic file (type png)

<use ./images/DL2S/Initialization/init_mb.png>
Package pdftex.def Info: ./images/DL2S/Initialization/init_mb.png used on input
 line 126.
(pdftex.def)             Requested size: 108.86842pt x 65.3214pt.

<./images/DL2S/Initialization/vessINVIVO02_CV_mb.png, id=654, 241.90375pt x 144
.54pt>
File: ./images/DL2S/Initialization/vessINVIVO02_CV_mb.png Graphic file (type pn
g)
 <use ./images/DL2S/Initialization/vessINVIVO02_CV_mb.png>
Package pdftex.def Info: ./images/DL2S/Initialization/vessINVIVO02_CV_mb.png us
ed on input line 127.
(pdftex.def)             Requested size: 108.86842pt x 65.05121pt.

<./images/DL2S/Initialization/vessINVIVO02_L2S_p2_mb.png, id=655, 602.25pt x 36
1.35pt>
File: ./images/DL2S/Initialization/vessINVIVO02_L2S_p2_mb.png Graphic file (typ
e png)
 <use ./images/DL2S/Initialization/vessINVIVO02_L2S_p2_mb.png>
Package pdftex.def Info: ./images/DL2S/Initialization/vessINVIVO02_L2S_p2_mb.pn
g used on input line 128.
(pdftex.def)             Requested size: 108.86842pt x 65.3214pt.

<./images/DL2S/Initialization/vessINVIVO02_DL_mb.png, id=656, 181.42781pt x 108
.405pt>
File: ./images/DL2S/Initialization/vessINVIVO02_DL_mb.png Graphic file (type pn
g)
 <use ./images/DL2S/Initialization/vessINVIVO02_DL_mb.png>
Package pdftex.def Info: ./images/DL2S/Initialization/vessINVIVO02_DL_mb.png us
ed on input line 129.
(pdftex.def)             Requested size: 108.86842pt x 65.05176pt.
 [116 <C:/Users/Suvadip/Dropbox/Drafts/Thesis/main/images/DL2S/dataset1_dict.pn
g (PNG copy)>] <./images/DL2S/compare/cylNORM57_orig.png, id=664, 401.5pt x 240
.9pt>
File: ./images/DL2S/compare/cylNORM57_orig.png Graphic file (type png)

<use ./images/DL2S/compare/cylNORM57_orig.png>
Package pdftex.def Info: ./images/DL2S/compare/cylNORM57_orig.png used on input
 line 143.
(pdftex.def)             Requested size: 104.32791pt x 62.59575pt.

<./images/DL2S/compare/cylNORM57_CV.png, id=665, 241.90375pt x 144.54pt>
File: ./images/DL2S/compare/cylNORM57_CV.png Graphic file (type png)

<use ./images/DL2S/compare/cylNORM57_CV.png>
Package pdftex.def Info: ./images/DL2S/compare/cylNORM57_CV.png used on input l
ine 144.
(pdftex.def)             Requested size: 104.32791pt x 62.33624pt.

<./images/DL2S/compare/cylNORM57_L2S_p2_c.png, id=666, 602.25pt x 361.35pt>
File: ./images/DL2S/compare/cylNORM57_L2S_p2_c.png Graphic file (type png)

<use ./images/DL2S/compare/cylNORM57_L2S_p2_c.png>
Package pdftex.def Info: ./images/DL2S/compare/cylNORM57_L2S_p2_c.png used on i
nput line 145.
(pdftex.def)             Requested size: 104.32791pt x 62.59209pt.

<./images/DL2S/compare/cylNORM57_DL.png, id=667, 181.42781pt x 108.405pt>
File: ./images/DL2S/compare/cylNORM57_DL.png Graphic file (type png)

<use ./images/DL2S/compare/cylNORM57_DL.png>
Package pdftex.def Info: ./images/DL2S/compare/cylNORM57_DL.png used on input l
ine 146.
(pdftex.def)             Requested size: 104.32791pt x 62.33734pt.

<./images/DL2S/compare/cylNORM59_orig.png, id=668, 401.5pt x 240.9pt>
File: ./images/DL2S/compare/cylNORM59_orig.png Graphic file (type png)

<use ./images/DL2S/compare/cylNORM59_orig.png>
Package pdftex.def Info: ./images/DL2S/compare/cylNORM59_orig.png used on input
 line 148.
(pdftex.def)             Requested size: 104.32791pt x 62.59575pt.

<./images/DL2S/compare/cylNORM59_CV.png, id=669, 241.90375pt x 144.54pt>
File: ./images/DL2S/compare/cylNORM59_CV.png Graphic file (type png)

<use ./images/DL2S/compare/cylNORM59_CV.png>
Package pdftex.def Info: ./images/DL2S/compare/cylNORM59_CV.png used on input l
ine 149.
(pdftex.def)             Requested size: 104.32791pt x 62.33624pt.

<./images/DL2S/compare/cylNORM59_L2S_p2_c.png, id=670, 241.90375pt x 145.54375p
t>
File: ./images/DL2S/compare/cylNORM59_L2S_p2_c.png Graphic file (type png)
 <use ./images/DL2S/compare/cylNORM59_L2S_p2_c.png>
Package pdftex.def Info: ./images/DL2S/compare/cylNORM59_L2S_p2_c.png used on i
nput line 150.
(pdftex.def)             Requested size: 104.32791pt x 62.76913pt.

<./images/DL2S/compare/cylNORM59_DL.png, id=671, 181.42781pt x 108.405pt>
File: ./images/DL2S/compare/cylNORM59_DL.png Graphic file (type png)

<use ./images/DL2S/compare/cylNORM59_DL.png>
Package pdftex.def Info: ./images/DL2S/compare/cylNORM59_DL.png used on input l
ine 151.
(pdftex.def)             Requested size: 104.32791pt x 62.33734pt.

<./images/DL2S/compare/cylDPSS58_orig.png, id=672, 401.5pt x 240.9pt>
File: ./images/DL2S/compare/cylDPSS58_orig.png Graphic file (type png)

<use ./images/DL2S/compare/cylDPSS58_orig.png>
Package pdftex.def Info: ./images/DL2S/compare/cylDPSS58_orig.png used on input
 line 153.
(pdftex.def)             Requested size: 104.32791pt x 62.59575pt.

<./images/DL2S/compare/cylDPSS58_CV.png, id=673, 241.90375pt x 144.54pt>
File: ./images/DL2S/compare/cylDPSS58_CV.png Graphic file (type png)

<use ./images/DL2S/compare/cylDPSS58_CV.png>
Package pdftex.def Info: ./images/DL2S/compare/cylDPSS58_CV.png used on input l
ine 154.
(pdftex.def)             Requested size: 104.32791pt x 62.33624pt.

<./images/DL2S/compare/cylDPSS58_L2S_p2_c.png, id=674, 241.90375pt x 145.54375p
t>
File: ./images/DL2S/compare/cylDPSS58_L2S_p2_c.png Graphic file (type png)
 <use ./images/DL2S/compare/cylDPSS58_L2S_p2_c.png>
Package pdftex.def Info: ./images/DL2S/compare/cylDPSS58_L2S_p2_c.png used on i
nput line 155.
(pdftex.def)             Requested size: 104.32791pt x 62.76913pt.

<./images/DL2S/compare/cylDPSS58_DL.png, id=675, 181.42781pt x 108.405pt>
File: ./images/DL2S/compare/cylDPSS58_DL.png Graphic file (type png)

<use ./images/DL2S/compare/cylDPSS58_DL.png>
Package pdftex.def Info: ./images/DL2S/compare/cylDPSS58_DL.png used on input l
ine 156.
(pdftex.def)             Requested size: 104.32791pt x 62.33734pt.

<./images/DL2S/compare/vessFIRvol10_orig.png, id=676, 100.375pt x 60.225pt>
File: ./images/DL2S/compare/vessFIRvol10_orig.png Graphic file (type png)

<use ./images/DL2S/compare/vessFIRvol10_orig.png>
Package pdftex.def Info: ./images/DL2S/compare/vessFIRvol10_orig.png used on in
put line 158.
(pdftex.def)             Requested size: 104.32791pt x 62.60126pt.

<./images/DL2S/compare/vessFIRvol10_CV.png, id=677, 200.75pt x 128.48pt>
File: ./images/DL2S/compare/vessFIRvol10_CV.png Graphic file (type png)

<use ./images/DL2S/compare/vessFIRvol10_CV.png>
Package pdftex.def Info: ./images/DL2S/compare/vessFIRvol10_CV.png used on inpu
t line 159.
(pdftex.def)             Requested size: 104.32791pt x 66.77077pt.

<./images/DL2S/compare/vessFIRvol10_L2S_p2_c.png, id=678, 150.5625pt x 96.36pt>
File: ./images/DL2S/compare/vessFIRvol10_L2S_p2_c.png Graphic file (type png)
<use ./images/DL2S/compare/vessFIRvol10_L2S_p2_c.png>
Package pdftex.def Info: ./images/DL2S/compare/vessFIRvol10_L2S_p2_c.png used o
n input line 160.
(pdftex.def)             Requested size: 104.32791pt x 66.77222pt.

<./images/DL2S/compare/vessFIRvol10_DL.png, id=679, 150.5625pt x 96.36pt>
File: ./images/DL2S/compare/vessFIRvol10_DL.png Graphic file (type png)

<use ./images/DL2S/compare/vessFIRvol10_DL.png>
Package pdftex.def Info: ./images/DL2S/compare/vessFIRvol10_DL.png used on inpu
t line 161.
(pdftex.def)             Requested size: 104.32791pt x 66.77222pt.

<./images/DL2S/compare/vessFIRvol18_orig.png, id=680, 100.375pt x 60.225pt>
File: ./images/DL2S/compare/vessFIRvol18_orig.png Graphic file (type png)

<use ./images/DL2S/compare/vessFIRvol18_orig.png>
Package pdftex.def Info: ./images/DL2S/compare/vessFIRvol18_orig.png used on in
put line 163.
(pdftex.def)             Requested size: 104.32791pt x 62.60126pt.

<./images/DL2S/compare/vessFIRvol18_CV.png, id=681, 200.75pt x 128.48pt>
File: ./images/DL2S/compare/vessFIRvol18_CV.png Graphic file (type png)

<use ./images/DL2S/compare/vessFIRvol18_CV.png>
Package pdftex.def Info: ./images/DL2S/compare/vessFIRvol18_CV.png used on inpu
t line 164.
(pdftex.def)             Requested size: 104.32791pt x 66.77077pt.

<./images/DL2S/compare/vessFIRvol18_L2S_p2_c.png, id=682, 150.5625pt x 96.36pt>
File: ./images/DL2S/compare/vessFIRvol18_L2S_p2_c.png Graphic file (type png)
<use ./images/DL2S/compare/vessFIRvol18_L2S_p2_c.png>
Package pdftex.def Info: ./images/DL2S/compare/vessFIRvol18_L2S_p2_c.png used o
n input line 165.
(pdftex.def)             Requested size: 104.32791pt x 66.77222pt.

<./images/DL2S/compare/vessFIRvol18_DL.png, id=683, 150.5625pt x 96.36pt>
File: ./images/DL2S/compare/vessFIRvol18_DL.png Graphic file (type png)

<use ./images/DL2S/compare/vessFIRvol18_DL.png>
Package pdftex.def Info: ./images/DL2S/compare/vessFIRvol18_DL.png used on inpu
t line 166.
(pdftex.def)             Requested size: 104.32791pt x 66.77222pt.

<./images/DL2S/compare/vessINVIVO15_orig.png, id=684, 401.5pt x 240.9pt>
File: ./images/DL2S/compare/vessINVIVO15_orig.png Graphic file (type png)

<use ./images/DL2S/compare/vessINVIVO15_orig.png>
Package pdftex.def Info: ./images/DL2S/compare/vessINVIVO15_orig.png used on in
put line 168.
(pdftex.def)             Requested size: 104.32791pt x 62.59575pt.

<./images/DL2S/compare/vessINVIVO15_CV.png, id=685, 241.90375pt x 144.54pt>
File: ./images/DL2S/compare/vessINVIVO15_CV.png Graphic file (type png)

<use ./images/DL2S/compare/vessINVIVO15_CV.png>
Package pdftex.def Info: ./images/DL2S/compare/vessINVIVO15_CV.png used on inpu
t line 169.
(pdftex.def)             Requested size: 104.32791pt x 62.33624pt.

<./images/DL2S/compare/vessINVIVO15_L2S_p2_c.png, id=686, 241.90375pt x 145.543
75pt>
File: ./images/DL2S/compare/vessINVIVO15_L2S_p2_c.png Graphic file (type png)
 <use ./images/DL2S/compare/vessINVIVO15_L2S_p2_c.png>
Package pdftex.def Info: ./images/DL2S/compare/vessINVIVO15_L2S_p2_c.png used o
n input line 170.
(pdftex.def)             Requested size: 104.32791pt x 62.76913pt.

<./images/DL2S/compare/vessINVIVO15_DL.png, id=687, 181.42781pt x 108.405pt>
File: ./images/DL2S/compare/vessINVIVO15_DL.png Graphic file (type png)

<use ./images/DL2S/compare/vessINVIVO15_DL.png>
Package pdftex.def Info: ./images/DL2S/compare/vessINVIVO15_DL.png used on inpu
t line 171.
(pdftex.def)             Requested size: 104.32791pt x 62.33734pt.

<./images/DL2S/compare/vessINVIVO17_orig.png, id=688, 401.5pt x 240.9pt>
File: ./images/DL2S/compare/vessINVIVO17_orig.png Graphic file (type png)

<use ./images/DL2S/compare/vessINVIVO17_orig.png>
Package pdftex.def Info: ./images/DL2S/compare/vessINVIVO17_orig.png used on in
put line 173.
(pdftex.def)             Requested size: 104.32791pt x 62.59575pt.

<./images/DL2S/compare/vessINVIVO17_CV.png, id=689, 241.90375pt x 144.54pt>
File: ./images/DL2S/compare/vessINVIVO17_CV.png Graphic file (type png)

<use ./images/DL2S/compare/vessINVIVO17_CV.png>
Package pdftex.def Info: ./images/DL2S/compare/vessINVIVO17_CV.png used on inpu
t line 174.
(pdftex.def)             Requested size: 104.32791pt x 62.33624pt.

<./images/DL2S/compare/vessINVIVO17_L2S_p2_c.png, id=690, 241.90375pt x 145.543
75pt>
File: ./images/DL2S/compare/vessINVIVO17_L2S_p2_c.png Graphic file (type png)
 <use ./images/DL2S/compare/vessINVIVO17_L2S_p2_c.png>
Package pdftex.def Info: ./images/DL2S/compare/vessINVIVO17_L2S_p2_c.png used o
n input line 175.
(pdftex.def)             Requested size: 104.32791pt x 62.76913pt.

<./images/DL2S/compare/vessINVIVO17_DL.png, id=691, 181.42781pt x 108.405pt>
File: ./images/DL2S/compare/vessINVIVO17_DL.png Graphic file (type png)

<use ./images/DL2S/compare/vessINVIVO17_DL.png>
Package pdftex.def Info: ./images/DL2S/compare/vessINVIVO17_DL.png used on inpu
t line 176.
(pdftex.def)             Requested size: 104.32791pt x 62.33734pt.

<./images/DL2S/legnum_comp.png, id=695, 1445.4pt x 724.20563pt>
File: ./images/DL2S/legnum_comp.png Graphic file (type png)

<use ./images/DL2S/legnum_comp.png>
Package pdftex.def Info: ./images/DL2S/legnum_comp.png used on input line 187.
(pdftex.def)             Requested size: 217.72993pt x 109.09027pt.

<./images/DL2S/dictnum_comp.png, id=696, 1445.4pt x 724.20563pt>
File: ./images/DL2S/dictnum_comp.png Graphic file (type png)

<use ./images/DL2S/dictnum_comp.png>
Package pdftex.def Info: ./images/DL2S/dictnum_comp.png used on input line 188.

(pdftex.def)             Requested size: 217.72993pt x 109.09027pt.
 [117 <C:/Users/Suvadip/Dropbox/Drafts/Thesis/main/images/DL2S/Initialization/i
nit_ell.png (PNG copy)> <C:/Users/Suvadip/Dropbox/Drafts/Thesis/main/images/DL2
S/Initialization/vessINVIVO02_CV_ell.png (PNG copy)> <C:/Users/Suvadip/Dropbox/
Drafts/Thesis/main/images/DL2S/Initialization/vessINVIVO02_L2S_p2_ell.png (PNG 
copy)> <C:/Users/Suvadip/Dropbox/Drafts/Thesis/main/images/DL2S/Initialization/
vessINVIVO02_DL_ell.png (PNG copy)> <C:/Users/Suvadip/Dropbox/Drafts/Thesis/mai
n/images/DL2S/Initialization/init_mb.png (PNG copy)> <C:/Users/Suvadip/Dropbox/
Drafts/Thesis/main/images/DL2S/Initialization/vessINVIVO02_CV_mb.png (PNG copy)
> <C:/Users/Suvadip/Dropbox/Drafts/Thesis/main/images/DL2S/Initialization/vessI
NVIVO02_L2S_p2_mb.png (PNG copy)> <C:/Users/Suvadip/Dropbox/Drafts/Thesis/main/
images/DL2S/Initialization/vessINVIVO02_DL_mb.png (PNG copy)>] [118 <C:/Users/S
uvadip/Dropbox/Drafts/Thesis/main/images/DL2S/compare/cylNORM57_orig.png (PNG c
opy)> <C:/Users/Suvadip/Dropbox/Drafts/Thesis/main/images/DL2S/compare/cylNORM5
7_CV.png (PNG copy)> <C:/Users/Suvadip/Dropbox/Drafts/Thesis/main/images/DL2S/c
ompare/cylNORM57_L2S_p2_c.png (PNG copy)> <C:/Users/Suvadip/Dropbox/Drafts/Thes
is/main/images/DL2S/compare/cylNORM57_DL.png (PNG copy)> <C:/Users/Suvadip/Drop
box/Drafts/Thesis/main/images/DL2S/compare/cylNORM59_orig.png (PNG copy)> <C:/U
sers/Suvadip/Dropbox/Drafts/Thesis/main/images/DL2S/compare/cylNORM59_CV.png (P
NG copy)> <C:/Users/Suvadip/Dropbox/Drafts/Thesis/main/images/DL2S/compare/cylN
ORM59_L2S_p2_c.png (PNG copy)> <C:/Users/Suvadip/Dropbox/Drafts/Thesis/main/ima
ges/DL2S/compare/cylNORM59_DL.png (PNG copy)> <C:/Users/Suvadip/Dropbox/Drafts/
Thesis/main/images/DL2S/compare/cylDPSS58_orig.png (PNG copy)> <C:/Users/Suvadi
p/Dropbox/Drafts/Thesis/main/images/DL2S/compare/cylDPSS58_CV.png (PNG copy)> <
C:/Users/Suvadip/Dropbox/Drafts/Thesis/main/images/DL2S/compare/cylDPSS58_L2S_p
2_c.png (PNG copy)> <C:/Users/Suvadip/Dropbox/Drafts/Thesis/main/images/DL2S/co
mpare/cylDPSS58_DL.png (PNG copy)> <C:/Users/Suvadip/Dropbox/Drafts/Thesis/main
/images/DL2S/compare/vessFIRvol10_orig.png (PNG copy)> <C:/Users/Suvadip/Dropbo
x/Drafts/Thesis/main/images/DL2S/compare/vessFIRvol10_CV.png (PNG copy)> <C:/Us
ers/Suvadip/Dropbox/Drafts/Thesis/main/images/DL2S/compare/vessFIRvol10_L2S_p2_
c.png (PNG copy)> <C:/Users/Suvadip/Dropbox/Drafts/Thesis/main/images/DL2S/comp
are/vessFIRvol10_DL.png (PNG copy)> <C:/Users/Suvadip/Dropbox/Drafts/Thesis/mai
n/images/DL2S/compare/vessFIRvol18_orig.png (PNG copy)> <C:/Users/Suvadip/Dropb
ox/Drafts/Thesis/main/images/DL2S/compare/vessFIRvol18_CV.png (PNG copy)> <C:/U
sers/Suvadip/Dropbox/Drafts/Thesis/main/images/DL2S/compare/vessFIRvol18_L2S_p2
_c.png (PNG copy)> <C:/Users/Suvadip/Dropbox/Drafts/Thesis/main/images/DL2S/com
pare/vessFIRvol18_DL.png (PNG copy)> <C:/Users/Suvadip/Dropbox/Drafts/Thesis/ma
in/images/DL2S/compare/vessINVIVO15_orig.png (PNG copy)> <C:/Users/Suvadip/Drop
box/Drafts/Thesis/main/images/DL2S/compare/vessINVIVO15_CV.png (PNG copy)> <C:/
Users/Suvadip/Dropbox/Drafts/Thesis/main/images/DL2S/compare/vessINVIVO15_L2S_p
2_c.png (PNG copy)> <C:/Users/Suvadip/Dropbox/Drafts/Thesis/main/images/DL2S/co
mpare/vessINVIVO15_DL.png (PNG copy)> <C:/Users/Suvadip/Dropbox/Drafts/Thesis/m
ain/images/DL2S/compare/vessINVIVO17_orig.png (PNG copy)> <C:/Users/Suvadip/Dro
pbox/Drafts/Thesis/main/images/DL2S/compare/vessINVIVO17_CV.png (PNG copy)> <C:
/Users/Suvadip/Dropbox/Drafts/Thesis/main/images/DL2S/compare/vessINVIVO17_L2S_
p2_c.png (PNG copy)> <C:/Users/Suvadip/Dropbox/Drafts/Thesis/main/images/DL2S/c
ompare/vessINVIVO17_DL.png (PNG copy)>]
[119 <C:/Users/Suvadip/Dropbox/Drafts/Thesis/main/images/DL2S/legnum_comp.png (
PNG copy)> <C:/Users/Suvadip/Dropbox/Drafts/Thesis/main/images/DL2S/dictnum_com
p.png (PNG copy)>])
(C:\Users\Suvadip\Dropbox\Drafts\Thesis\main\Appendices/AppendixTuFF.tex
[120]
Appendix B.
------------------------------------------------------------------------------
 B Derivation of Tubularity Flow Field equations
------------------------------------------------------------------------------
[121

] [122]) [123]
------------------------------------------------------------------------------
 Bibliography
------------------------------------------------------------------------------
(C:\Users\Suvadip\Dropbox\Drafts\Thesis\main\suvadip_thesis.bbl [124


] [125]
[126] [127] [128] [129] [130] [131] [132] [133] [134] [135] [136] [137])
[138]
Package atveryend Info: Empty hook `BeforeClearDocument' on input line 264.
Package atveryend Info: Empty hook `AfterLastShipout' on input line 264.
 (C:\Users\Suvadip\Dropbox\Drafts\Thesis\main\suvadip_thesis.aux
(C:\Users\Suvadip\Dropbox\Drafts\Thesis\main\Chapters/Intro_ch2.aux)
(C:\Users\Suvadip\Dropbox\Drafts\Thesis\main\Chapters/Bg_ch.aux)
(C:\Users\Suvadip\Dropbox\Drafts\Thesis\main\Chapters/T2T2_ch.aux)
(C:\Users\Suvadip\Dropbox\Drafts\Thesis\main\Chapters/GAC_ch.aux)
(C:\Users\Suvadip\Dropbox\Drafts\Thesis\main\Chapters/L2S_ch.aux)
(C:\Users\Suvadip\Dropbox\Drafts\Thesis\main\Chapters/TuFF_ch.aux))
Package atveryend Info: Executing hook `AtVeryEndDocument' on input line 264.
Package atveryend Info: Executing hook `AtEndAfterFileList' on input line 264.
Package rerunfilecheck Info: File `suvadip_thesis.out' has not changed.
(rerunfilecheck)             Checksum: B07078BD8A64A08E4CD20A754D9FBDB9;4150.
Package atveryend Info: Empty hook `AtVeryVeryEnd' on input line 264.
 ) 
Here is how much of TeX's memory you used:
 24561 strings out of 493921
 430311 string characters out of 3147276
 469750 words of memory out of 3000000
 26966 multiletter control sequences out of 15000+200000
 13286 words of font info for 48 fonts, out of 3000000 for 9000
 841 hyphenation exceptions out of 8191
 62i,13n,77p,1565b,458s stack positions out of 5000i,500n,10000p,200000b,50000s
pdfTeX warning (dest): name{equation.172} has been referenced but does not ex
ist, replaced by a fixed one

pdfTeX warning (dest): name{equation.106} has been referenced but does not exis
t, replaced by a fixed one

pdfTeX warning (dest): name{table.caption.222} has been referenced but does not
 exist, replaced by a fixed one

pdfTeX warning (dest): name{table.caption.98} has been referenced but does not 
exist, replaced by a fixed one

pdfTeX warning (dest): name{figure.caption.220} has been referenced but does no
t exist, replaced by a fixed one

pdfTeX warning (dest): name{figure.caption.217} has been referenced but does no
t exist, replaced by a fixed one

pdfTeX warning (dest): name{figure.caption.212} has been referenced but does no
t exist, replaced by a fixed one

pdfTeX warning (dest): name{figure.caption.207} has been referenced but does no
t exist, replaced by a fixed one

pdfTeX warning (dest): name{figure.caption.205} has been referenced but does no
t exist, replaced by a fixed one

pdfTeX warning (dest): name{figure.caption.204} has been referenced but does no
t exist, replaced by a fixed one

pdfTeX warning (dest): name{figure.caption.203} has been referenced but does no
t exist, replaced by a fixed one

pdfTeX warning (dest): name{figure.caption.201} has been referenced but does no
t exist, replaced by a fixed one

pdfTeX warning (dest): name{figure.caption.199} has been referenced but does no
t exist, replaced by a fixed one

pdfTeX warning (dest): name{figure.caption.192} has been referenced but does no
t exist, replaced by a fixed one

pdfTeX warning (dest): name{figure.caption.190} has been referenced but does no
t exist, replaced by a fixed one

pdfTeX warning (dest): name{equation.185} has been referenced but does not exis
t, replaced by a fixed one

pdfTeX warning (dest): name{figure.caption.176} has been referenced but does no
t exist, replaced by a fixed one

pdfTeX warning (dest): name{figure.caption.159} has been referenced but does no
t exist, replaced by a fixed one

pdfTeX warning (dest): name{figure.caption.149} has been referenced but does no
t exist, replaced by a fixed one

pdfTeX warning (dest): name{figure.caption.147} has been referenced but does no
t exist, replaced by a fixed one

pdfTeX warning (dest): name{figure.caption.143} has been referenced but does no
t exist, replaced by a fixed one

pdfTeX warning (dest): name{figure.caption.141} has been referenced but does no
t exist, replaced by a fixed one

pdfTeX warning (dest): name{figure.caption.138} has been referenced but does no
t exist, replaced by a fixed one

pdfTeX warning (dest): name{figure.caption.137} has been referenced but does no
t exist, replaced by a fixed one

pdfTeX warning (dest): name{figure.caption.135} has been referenced but does no
t exist, replaced by a fixed one

pdfTeX warning (dest): name{figure.caption.126} has been referenced but does no
t exist, replaced by a fixed one

pdfTeX warning (dest): name{figure.caption.114} has been referenced but does no
t exist, replaced by a fixed one

pdfTeX warning (dest): name{figure.caption.112} has been referenced but does no
t exist, replaced by a fixed one

pdfTeX warning (dest): name{figure.caption.92} has been referenced but does not
 exist, replaced by a fixed one

pdfTeX warning (dest): name{figure.caption.88} has been referenced but does not
 exist, replaced by a fixed one

pdfTeX warning (dest): name{figure.caption.78} has been referenced but does not
 exist, replaced by a fixed one

pdfTeX warning (dest): name{figure.caption.76} has been referenced but does not
 exist, replaced by a fixed one

pdfTeX warning (dest): name{figure.caption.74} has been referenced but does not
 exist, replaced by a fixed one

pdfTeX warning (dest): name{figure.caption.73} has been referenced but does not
 exist, replaced by a fixed one

pdfTeX warning (dest): name{figure.caption.66} has been referenced but does not
 exist, replaced by a fixed one

pdfTeX warning (dest): name{figure.caption.55} has been referenced but does not
 exist, replaced by a fixed one

pdfTeX warning (dest): name{figure.caption.49} has been referenced but does not
 exist, replaced by a fixed one

pdfTeX warning (dest): name{figure.caption.43} has been referenced but does not
 exist, replaced by a fixed one

pdfTeX warning (dest): name{figure.caption.26} has been referenced but does not
 exist, replaced by a fixed one

pdfTeX warning (dest): name{section.223} has been referenced but does not exist
, replaced by a fixed one

pdfTeX warning (dest): name{subsection.219} has been referenced but does not ex
ist, replaced by a fixed one

pdfTeX warning (dest): name{subsubsection.216} has been referenced but does not
 exist, replaced by a fixed one

pdfTeX warning (dest): name{subsubsection.215} has been referenced but does not
 exist, replaced by a fixed one

pdfTeX warning (dest): name{subsection.214} has been referenced but does not ex
ist, replaced by a fixed one

pdfTeX warning (dest): name{subsubsection.211} has been referenced but does not
 exist, replaced by a fixed one

pdfTeX warning (dest): name{subsubsection.210} has been referenced but does not
 exist, replaced by a fixed one

pdfTeX warning (dest): name{subsubsection.209} has been referenced but does not
 exist, replaced by a fixed one

pdfTeX warning (dest): name{subsection.208} has been referenced but does not ex
ist, replaced by a fixed one

pdfTeX warning (dest): name{subsection.206} has been referenced but does not ex
ist, replaced by a fixed one

pdfTeX warning (dest): name{subsection.202} has been referenced but does not ex
ist, replaced by a fixed one

pdfTeX warning (dest): name{subsection.200} has been referenced but does not ex
ist, replaced by a fixed one

pdfTeX warning (dest): name{subsection.198} has been referenced but does not ex
ist, replaced by a fixed one

pdfTeX warning (dest): name{subsection.197} has been referenced but does not ex
ist, replaced by a fixed one

pdfTeX warning (dest): name{section.196} has been referenced but does not exist
, replaced by a fixed one

pdfTeX warning (dest): name{section.194} has been referenced but does not exist
, replaced by a fixed one

pdfTeX warning (dest): name{subsection.193} has been referenced but does not ex
ist, replaced by a fixed one

pdfTeX warning (dest): name{subsection.191} has been referenced but does not ex
ist, replaced by a fixed one

pdfTeX warning (dest): name{section.189} has been referenced but does not exist
, replaced by a fixed one

pdfTeX warning (dest): name{subsection.186} has been referenced but does not ex
ist, replaced by a fixed one

pdfTeX warning (dest): name{subsection.183} has been referenced but does not ex
ist, replaced by a fixed one

pdfTeX warning (dest): name{subsection.181} has been referenced but does not ex
ist, replaced by a fixed one

pdfTeX warning (dest): name{section.174} has been referenced but does not exist
, replaced by a fixed one

pdfTeX warning (dest): name{subsection.169} has been referenced but does not ex
ist, replaced by a fixed one

pdfTeX warning (dest): name{subsubsection.167} has been referenced but does not
 exist, replaced by a fixed one

pdfTeX warning (dest): name{subsubsection.161} has been referenced but does not
 exist, replaced by a fixed one

pdfTeX warning (dest): name{subsubsection.160} has been referenced but does not
 exist, replaced by a fixed one

pdfTeX warning (dest): name{subsubsection.158} has been referenced but does not
 exist, replaced by a fixed one

pdfTeX warning (dest): name{subsection.157} has been referenced but does not ex
ist, replaced by a fixed one

pdfTeX warning (dest): name{subsection.155} has been referenced but does not ex
ist, replaced by a fixed one

pdfTeX warning (dest): name{subsection.154} has been referenced but does not ex
ist, replaced by a fixed one

pdfTeX warning (dest): name{section.148} has been referenced but does not exist
, replaced by a fixed one

pdfTeX warning (dest): name{section.146} has been referenced but does not exist
, replaced by a fixed one

pdfTeX warning (dest): name{chapter.145} has been referenced but does not exist
, replaced by a fixed one

pdfTeX warning (dest): name{section.144} has been referenced but does not exist
, replaced by a fixed one

pdfTeX warning (dest): name{subsection.142} has been referenced but does not ex
ist, replaced by a fixed one

pdfTeX warning (dest): name{subsection.139} has been referenced but does not ex
ist, replaced by a fixed one

pdfTeX warning (dest): name{subsection.136} has been referenced but does not ex
ist, replaced by a fixed one

pdfTeX warning (dest): name{subsection.134} has been referenced but does not ex
ist, replaced by a fixed one

pdfTeX warning (dest): name{subsection.133} has been referenced but does not ex
ist, replaced by a fixed one

pdfTeX warning (dest): name{subsection.132} has been referenced but does not ex
ist, replaced by a fixed one

pdfTeX warning (dest): name{subsection.125} has been referenced but does not ex
ist, replaced by a fixed one

pdfTeX warning (dest): name{section.121} has been referenced but does not exist
, replaced by a fixed one

pdfTeX warning (dest): name{section.118} has been referenced but does not exist
, replaced by a fixed one

pdfTeX warning (dest): name{section.117} has been referenced but does not exist
, replaced by a fixed one

pdfTeX warning (dest): name{chapter.116} has been referenced but does not exist
, replaced by a fixed one

pdfTeX warning (dest): name{section.115} has been referenced but does not exist
, replaced by a fixed one

pdfTeX warning (dest): name{subsection.113} has been referenced but does not ex
ist, replaced by a fixed one

pdfTeX warning (dest): name{subsection.111} has been referenced but does not ex
ist, replaced by a fixed one

pdfTeX warning (dest): name{section.110} has been referenced but does not exist
, replaced by a fixed one

pdfTeX warning (dest): name{subsection.105} has been referenced but does not ex
ist, replaced by a fixed one

pdfTeX warning (dest): name{subsection.101} has been referenced but does not ex
ist, replaced by a fixed one

pdfTeX warning (dest): name{section.99} has been referenced but does not exist,
 replaced by a fixed one

pdfTeX warning (dest): name{subsection.95} has been referenced but does not exi
st, replaced by a fixed one

pdfTeX warning (dest): name{section.94} has been referenced but does not exist,
 replaced by a fixed one

pdfTeX warning (dest): name{subsection.91} has been referenced but does not exi
st, replaced by a fixed one

pdfTeX warning (dest): name{subsection.89} has been referenced but does not exi
st, replaced by a fixed one

pdfTeX warning (dest): name{subsection.86} has been referenced but does not exi
st, replaced by a fixed one

pdfTeX warning (dest): name{subsection.84} has been referenced but does not exi
st, replaced by a fixed one

pdfTeX warning (dest): name{section.83} has been referenced but does not exist,
 replaced by a fixed one

pdfTeX warning (dest): name{section.80} has been referenced but does not exist,
 replaced by a fixed one

pdfTeX warning (dest): name{chapter.79} has been referenced but does not exist,
 replaced by a fixed one

pdfTeX warning (dest): name{section.77} has been referenced but does not exist,
 replaced by a fixed one

pdfTeX warning (dest): name{section.75} has been referenced but does not exist,
 replaced by a fixed one

pdfTeX warning (dest): name{subsection.72} has been referenced but does not exi
st, replaced by a fixed one

pdfTeX warning (dest): name{section.71} has been referenced but does not exist,
 replaced by a fixed one

pdfTeX warning (dest): name{subsection.69} has been referenced but does not exi
st, replaced by a fixed one

pdfTeX warning (dest): name{subsection.65} has been referenced but does not exi
st, replaced by a fixed one

pdfTeX warning (dest): name{section.64} has been referenced but does not exist,
 replaced by a fixed one

pdfTeX warning (dest): name{subsection.57} has been referenced but does not exi
st, replaced by a fixed one

pdfTeX warning (dest): name{subsection.54} has been referenced but does not exi
st, replaced by a fixed one

pdfTeX warning (dest): name{subsection.48} has been referenced but does not exi
st, replaced by a fixed one

pdfTeX warning (dest): name{subsubsection.42} has been referenced but does not 
exist, replaced by a fixed one

pdfTeX warning (dest): name{subsection.40} has been referenced but does not exi
st, replaced by a fixed one

pdfTeX warning (dest): name{section.38} has been referenced but does not exist,
 replaced by a fixed one

pdfTeX warning (dest): name{chapter.37} has been referenced but does not exist,
 replaced by a fixed one

pdfTeX warning (dest): name{section.36} has been referenced but does not exist,
 replaced by a fixed one

pdfTeX warning (dest): name{subsubsection.35} has been referenced but does not 
exist, replaced by a fixed one

pdfTeX warning (dest): name{subsubsection.34} has been referenced but does not 
exist, replaced by a fixed one

pdfTeX warning (dest): name{subsubsection.33} has been referenced but does not 
exist, replaced by a fixed one

pdfTeX warning (dest): name{subsubsection.32} has been referenced but does not 
exist, replaced by a fixed one

pdfTeX warning (dest): name{subsubsection.31} has been referenced but does not 
exist, replaced by a fixed one

pdfTeX warning (dest): name{subsubsection.30} has been referenced but does not 
exist, replaced by a fixed one

pdfTeX warning (dest): name{subsubsection.29} has been referenced but does not 
exist, replaced by a fixed one

pdfTeX warning (dest): name{subsubsection.28} has been referenced but does not 
exist, replaced by a fixed one

pdfTeX warning (dest): name{subsection.27} has been referenced but does not exi
st, replaced by a fixed one

pdfTeX warning (dest): name{subsection.25} has been referenced but does not exi
st, replaced by a fixed one

pdfTeX warning (dest): name{chapter.23} has been referenced but does not exist,
 replaced by a fixed one

<C:/Program Files/MiKTeX 2.9/fonts/type1/public/amsfonts/cm/cmbx12.pfb><C:/Prog
ram Files/MiKTeX 2.9/fonts/type1/public/amsfonts/cm/cmbx8.pfb><C:/Program Files
/MiKTeX 2.9/fonts/type1/public/amsfonts/cm/cmcsc10.pfb><C:/Program Files/MiKTeX
 2.9/fonts/type1/public/amsfonts/cm/cmex10.pfb><C:/Program Files/MiKTeX 2.9/fon
ts/type1/public/amsfonts/cm/cmmi12.pfb><C:/Program Files/MiKTeX 2.9/fonts/type1
/public/amsfonts/cm/cmmi6.pfb><C:/Program Files/MiKTeX 2.9/fonts/type1/public/a
msfonts/cm/cmmi8.pfb><C:/Program Files/MiKTeX 2.9/fonts/type1/public/amsfonts/c
m/cmr10.pfb><C:/Program Files/MiKTeX 2.9/fonts/type1/public/amsfonts/cm/cmr12.p
fb><C:/Program Files/MiKTeX 2.9/fonts/type1/public/amsfonts/cm/cmr8.pfb><C:/Pro
gram Files/MiKTeX 2.9/fonts/type1/public/amsfonts/cm/cmsy10.pfb><C:/Program Fil
es/MiKTeX 2.9/fonts/type1/public/amsfonts/cm/cmsy8.pfb><C:/Program Files/MiKTeX
 2.9/fonts/type1/public/amsfonts/cm/cmti12.pfb><C:/Program Files/MiKTeX 2.9/fon
ts/type1/public/amsfonts/cm/cmti8.pfb><C:/Program Files/MiKTeX 2.9/fonts/type1/
public/amsfonts/symbols/msbm10.pfb>
Output written on suvadip_thesis.pdf (49 pages, 3112116 bytes).
PDF statistics:
 1018 PDF objects out of 1200 (max. 8388607)
 346 named destinations out of 1000 (max. 500000)
 472 words of extra memory for PDF output out of 10000 (max. 10000000)

