\BOOKMARK [0][-]{dummy.1}{\376\377\000C\000o\000n\000t\000e\000n\000t\000s}{}% 1
\BOOKMARK [0][-]{dummy.3}{\376\377\000L\000i\000s\000t\000\040\000o\000f\000\040\000F\000i\000g\000u\000r\000e\000s}{}% 2
\BOOKMARK [0][-]{dummy.5}{\376\377\000L\000i\000s\000t\000\040\000o\000f\000\040\000T\000a\000b\000l\000e\000s}{}% 3
\BOOKMARK [0][-]{dummy.7}{\376\377\000S\000y\000m\000b\000o\000l\000s}{}% 4
\BOOKMARK [0][-]{chapter.10}{\376\377\0001\000\040\000I\000n\000t\000r\000o\000d\000u\000c\000t\000i\000o\000n}{}% 5
\BOOKMARK [1][-]{section.11}{\376\377\0001\000.\0001\000\040\000N\000e\000u\000r\000o\000i\000m\000a\000g\000e\000\040\000a\000n\000a\000l\000y\000s\000i\000s}{chapter.10}% 6
\BOOKMARK [2][-]{subsection.12}{\376\377\0001\000.\0001\000.\0001\000\040\000I\000m\000a\000g\000e\000\040\000A\000c\000q\000u\000i\000s\000i\000t\000i\000o\000n}{section.11}% 7
\BOOKMARK [2][-]{subsection.13}{\376\377\0001\000.\0001\000.\0002\000\040\000I\000m\000a\000g\000e\000\040\000a\000n\000a\000l\000y\000s\000i\000s}{section.11}% 8
\BOOKMARK [1][-]{section.14}{\376\377\0001\000.\0002\000\040\000P\000r\000o\000b\000l\000e\000m\000\040\000f\000o\000r\000m\000u\000l\000a\000t\000i\000o\000n}{chapter.10}% 9
\BOOKMARK [2][-]{subsection.15}{\376\377\0001\000.\0002\000.\0001\000\040\000S\000i\000n\000g\000l\000e\000\040\000n\000e\000u\000r\000o\000n\000\040\000i\000m\000a\000g\000i\000n\000g}{section.14}% 10
\BOOKMARK [1][-]{section.17}{\376\377\0001\000.\0003\000\040\000C\000o\000n\000t\000r\000i\000b\000u\000t\000i\000o\000n\000s\000\040\000o\000f\000\040\000t\000h\000i\000s\000\040\000t\000h\000e\000s\000i\000s}{chapter.10}% 11
\BOOKMARK [1][-]{section.21}{\376\377\0001\000.\0004\000\040\000T\000h\000e\000s\000i\000s\000\040\000o\000u\000t\000l\000i\000n\000e}{chapter.10}% 12
\BOOKMARK [1][-]{section.22}{\376\377\0001\000.\0005\000\040\000P\000u\000b\000l\000i\000c\000a\000t\000i\000o\000n\000s\000\040\000r\000e\000s\000u\000l\000t\000i\000n\000g\000\040\000f\000r\000o\000m\000\040\000t\000h\000i\000s\000\040\000w\000o\000r\000k}{chapter.10}% 13
\BOOKMARK [0][-]{chapter.23}{\376\377\0002\000\040\000B\000a\000c\000k\000g\000r\000o\000u\000n\000d}{}% 14
\BOOKMARK [1][-]{section.24}{\376\377\0002\000.\0001\000\040\000N\000e\000u\000r\000o\000n\000\040\000s\000e\000g\000m\000e\000n\000t\000a\000t\000i\000o\000n\000\040\000a\000n\000d\000\040\000t\000r\000a\000c\000i\000n\000g}{chapter.23}% 15
\BOOKMARK [2][-]{subsection.25}{\376\377\0002\000.\0001\000.\0001\000\040\000C\000h\000a\000l\000l\000e\000n\000g\000e\000s\000\040\000i\000n\000\040\000i\000m\000a\000g\000e\000\040\000p\000r\000o\000c\000e\000s\000s\000i\000n\000g}{section.24}% 16
\BOOKMARK [2][-]{subsection.27}{\376\377\0002\000.\0001\000.\0002\000\040\000N\000e\000u\000r\000o\000n\000\040\000t\000r\000a\000c\000i\000n\000g\000\040\000s\000t\000r\000a\000t\000e\000g\000i\000e\000s}{section.24}% 17
\BOOKMARK [3][-]{subsubsection.28}{\376\377\0002\000.\0001\000.\0002\000.\0001\000\040\000N\000e\000u\000r\000o\000n\000J}{subsection.27}% 18
\BOOKMARK [3][-]{subsubsection.29}{\376\377\0002\000.\0001\000.\0002\000.\0002\000\040\000S\000i\000m\000p\000l\000e\000\040\000N\000e\000u\000r\000i\000t\000e\000\040\000T\000r\000a\000c\000e\000r}{subsection.27}% 19
\BOOKMARK [3][-]{subsubsection.30}{\376\377\0002\000.\0001\000.\0002\000.\0003\000\040\000V\000a\000a\0003\000D\000\040\000a\000n\000d\000\040\000a\000s\000s\000o\000c\000i\000a\000t\000e\000d\000\040\000a\000l\000g\000o\000r\000i\000t\000h\000m\000s}{subsection.27}% 20
\BOOKMARK [3][-]{subsubsection.31}{\376\377\0002\000.\0001\000.\0002\000.\0004\000\040\000k\000-\000M\000i\000n\000i\000m\000u\000m\000\040\000S\000p\000a\000n\000n\000i\000n\000g\000\040\000T\000r\000e\000e}{subsection.27}% 21
\BOOKMARK [3][-]{subsubsection.32}{\376\377\0002\000.\0001\000.\0002\000.\0005\000\040\000N\000e\000u\000r\000o\000n\000S\000t\000u\000d\000i\000o}{subsection.27}% 22
\BOOKMARK [3][-]{subsubsection.33}{\376\377\0002\000.\0001\000.\0002\000.\0006\000\040\000O\000p\000e\000n\000-\000C\000u\000r\000v\000e\000\040\000S\000n\000a\000k\000e}{subsection.27}% 23
\BOOKMARK [3][-]{subsubsection.34}{\376\377\0002\000.\0001\000.\0002\000.\0007\000\040\000T\000r\000e\000e\0002\000T\000r\000e\000e}{subsection.27}% 24
\BOOKMARK [3][-]{subsubsection.35}{\376\377\0002\000.\0001\000.\0002\000.\0008\000\040\000O\000t\000h\000e\000r\000\040\000m\000e\000t\000h\000o\000d\000s}{subsection.27}% 25
\BOOKMARK [1][-]{section.36}{\376\377\0002\000.\0002\000\040\000D\000i\000s\000c\000u\000s\000s\000i\000o\000n}{chapter.23}% 26
\BOOKMARK [0][-]{chapter.37}{\376\377\0003\000\040\000G\000r\000a\000p\000h\000\040\000B\000a\000s\000e\000d\000\040\000N\000e\000u\000r\000o\000n\000\040\000T\000r\000a\000c\000i\000n\000g}{}% 27
\BOOKMARK [1][-]{section.38}{\376\377\0003\000.\0001\000\040\000T\000r\000e\000e\0002\000T\000r\000e\000e\000-\0002}{chapter.37}% 28
\BOOKMARK [2][-]{subsection.40}{\376\377\0003\000.\0001\000.\0001\000\040\000H\000e\000s\000s\000i\000a\000n\000\040\000b\000a\000s\000e\000d\000\040\000v\000e\000s\000s\000e\000l\000\040\000e\000n\000h\000a\000n\000c\000e\000m\000e\000n\000t}{section.38}% 29
\BOOKMARK [3][-]{subsubsection.42}{\376\377\0003\000.\0001\000.\0001\000.\0001\000\040\000T\000u\000b\000u\000l\000a\000r\000i\000t\000y\000\040\000f\000i\000e\000l\000d}{subsection.40}% 30
\BOOKMARK [2][-]{subsection.48}{\376\377\0003\000.\0001\000.\0002\000\040\000I\000n\000i\000t\000i\000a\000l\000\040\000S\000e\000g\000m\000e\000n\000t\000a\000t\000i\000o\000n}{section.38}% 31
\BOOKMARK [2][-]{subsection.54}{\376\377\0003\000.\0001\000.\0003\000\040\000C\000o\000n\000n\000e\000c\000t\000i\000v\000i\000t\000y\000\040\000a\000n\000a\000l\000y\000s\000i\000s\000\040\000a\000n\000d\000\040\000c\000o\000m\000p\000o\000n\000e\000n\000t\000\040\000l\000i\000n\000k\000i\000n\000g}{section.38}% 32
\BOOKMARK [2][-]{subsection.57}{\376\377\0003\000.\0001\000.\0004\000\040\000P\000a\000t\000h\000S\000e\000a\000r\000c\000h}{section.38}% 33
\BOOKMARK [1][-]{section.65}{\376\377\0003\000.\0002\000\040\000M\000u\000l\000t\000i\000s\000c\000a\000l\000e\000\040\000m\000e\000d\000i\000a\000l\000n\000e\000s\000s\000\040\000m\000a\000p}{chapter.37}% 34
\BOOKMARK [2][-]{subsection.66}{\376\377\0003\000.\0002\000.\0001\000\040\000V\000e\000c\000t\000o\000r\000\040\000f\000i\000e\000l\000d\000\040\000c\000o\000n\000v\000o\000l\000u\000t\000i\000o\000n\000\040\000m\000e\000d\000i\000a\000l\000n\000e\000s\000s}{section.65}% 35
\BOOKMARK [2][-]{subsection.70}{\376\377\0003\000.\0002\000.\0002\000\040\000M\000u\000l\000t\000i\000s\000c\000a\000l\000e\000\040\000V\000F\000C\000\040\000m\000e\000d\000i\000a\000l\000n\000e\000s\000s}{section.65}% 36
\BOOKMARK [1][-]{section.72}{\376\377\0003\000.\0003\000\040\000C\000o\000m\000p\000u\000t\000i\000n\000g\000\040\000t\000h\000e\000\040\000n\000e\000u\000r\000o\000n\000a\000l\000\040\000t\000r\000e\000e}{chapter.37}% 37
\BOOKMARK [2][-]{subsection.73}{\376\377\0003\000.\0003\000.\0001\000\040\000T\000r\000e\000e\000\040\000p\000r\000u\000n\000i\000n\000g}{section.72}% 38
\BOOKMARK [1][-]{section.76}{\376\377\0003\000.\0004\000\040\000R\000e\000s\000u\000l\000t\000s}{chapter.37}% 39
\BOOKMARK [1][-]{section.78}{\376\377\0003\000.\0005\000\040\000D\000i\000s\000c\000u\000s\000s\000i\000o\000n}{chapter.37}% 40
\BOOKMARK [0][-]{chapter.80}{\376\377\0004\000\040\000G\000e\000o\000m\000e\000t\000r\000i\000c\000\040\000A\000c\000t\000i\000v\000e\000\040\000C\000o\000n\000t\000o\000u\000r\000s}{}% 41
\BOOKMARK [1][-]{section.81}{\376\377\0004\000.\0001\000\040\000F\000r\000a\000m\000e\000w\000o\000r\000k\000\040\000f\000o\000r\000\040\000c\000o\000n\000t\000o\000u\000r\000\040\000p\000r\000o\000p\000a\000g\000a\000t\000i\000o\000n}{chapter.80}% 42
\BOOKMARK [1][-]{section.85}{\376\377\0004\000.\0002\000\040\000M\000o\000t\000i\000o\000n\000\040\000m\000o\000d\000e\000l\000s\000\040\000f\000o\000r\000\040\000s\000n\000a\000k\000e\000s}{chapter.80}% 43
\BOOKMARK [2][-]{subsection.86}{\376\377\0004\000.\0002\000.\0001\000\040\000C\000o\000n\000s\000t\000a\000n\000t\000\040\000s\000p\000e\000e\000d\000\040\000e\000v\000o\000l\000u\000t\000i\000o\000n}{section.85}% 44
\BOOKMARK [2][-]{subsection.88}{\376\377\0004\000.\0002\000.\0002\000\040\000C\000u\000r\000v\000a\000t\000u\000r\000e\000\040\000b\000a\000s\000e\000d\000\040\000m\000o\000t\000i\000o\000n}{section.85}% 45
\BOOKMARK [2][-]{subsection.91}{\376\377\0004\000.\0002\000.\0003\000\040\000M\000a\000l\000l\000a\000d\000i\000-\000S\000e\000t\000h\000i\000a\000n\000\040\000m\000o\000d\000e\000l}{section.85}% 46
\BOOKMARK [2][-]{subsection.93}{\376\377\0004\000.\0002\000.\0004\000\040\000G\000e\000o\000d\000e\000s\000i\000c\000\040\000A\000c\000t\000i\000v\000e\000\040\000C\000o\000n\000t\000o\000u\000r\000\040\000\050\000G\000A\000C\000\051}{section.85}% 47
\BOOKMARK [1][-]{section.96}{\376\377\0004\000.\0003\000\040\000I\000m\000p\000l\000e\000m\000e\000n\000t\000a\000t\000i\000o\000n\000\040\000u\000s\000i\000n\000g\000\040\000l\000e\000v\000e\000l\000\040\000s\000e\000t\000s}{chapter.80}% 48
\BOOKMARK [2][-]{subsection.97}{\376\377\0004\000.\0003\000.\0001\000\040\000G\000e\000o\000m\000e\000t\000r\000i\000c\000\040\000a\000c\000t\000i\000v\000e\000\040\000c\000o\000n\000t\000o\000u\000r}{section.96}% 49
\BOOKMARK [1][-]{section.101}{\376\377\0004\000.\0004\000\040\000V\000a\000r\000i\000a\000t\000i\000o\000n\000a\000l\000\040\000a\000c\000t\000i\000v\000e\000\040\000c\000o\000n\000t\000o\000u\000r\000s}{chapter.80}% 50
\BOOKMARK [2][-]{subsection.103}{\376\377\0004\000.\0004\000.\0001\000\040\000V\000a\000r\000i\000a\000t\000i\000o\000n\000a\000l\000\040\000c\000o\000n\000t\000o\000u\000r\000\040\000r\000e\000g\000u\000l\000a\000r\000i\000z\000a\000t\000i\000o\000n}{section.101}% 51
\BOOKMARK [2][-]{subsection.107}{\376\377\0004\000.\0004\000.\0002\000\040\000C\000h\000a\000n\000-\000V\000e\000s\000e\000'\000s\000\040\000s\000e\000g\000m\000e\000n\000t\000a\000t\000i\000o\000n\000\040\000m\000o\000d\000e\000l}{section.101}% 52
\BOOKMARK [1][-]{section.112}{\376\377\0004\000.\0005\000\040\000E\000d\000g\000e\000\040\000b\000a\000s\000e\000d\000\040\000v\000s\000.\000\040\000r\000e\000g\000i\000o\000n\000\040\000b\000a\000s\000e\000d\000\040\000m\000o\000d\000e\000l\000s}{chapter.80}% 53
\BOOKMARK [2][-]{subsection.113}{\376\377\0004\000.\0005\000.\0001\000\040\000S\000y\000n\000t\000h\000e\000t\000i\000c\000\040\000e\000x\000a\000m\000p\000l\000e\000s}{section.112}% 54
\BOOKMARK [2][-]{subsection.116}{\376\377\0004\000.\0005\000.\0002\000\040\000R\000e\000a\000l\000\040\000e\000x\000a\000m\000p\000l\000e\000s}{section.112}% 55
\BOOKMARK [1][-]{section.117}{\376\377\0004\000.\0006\000\040\000D\000i\000s\000c\000u\000s\000s\000i\000o\000n}{chapter.80}% 56
\BOOKMARK [0][-]{chapter.118}{\376\377\0005\000\040\000R\000e\000g\000i\000o\000n\000\040\000b\000a\000s\000e\000d\000\040\000s\000e\000g\000m\000e\000n\000t\000a\000t\000i\000o\000n\000\040\000i\000n\000\040\000p\000r\000e\000s\000e\000n\000c\000e\000\040\000o\000f\000\040\000i\000n\000h\000o\000m\000o\000g\000e\000n\000e\000i\000t\000y}{}% 57
\BOOKMARK [1][-]{section.119}{\376\377\0005\000.\0001\000\040\000A\000p\000p\000l\000i\000c\000a\000t\000i\000o\000n\000\040\000t\000o\000\040\0002\000D\000\040\000n\000e\000u\000r\000o\000n\000\040\000t\000r\000a\000c\000i\000n\000g}{chapter.118}% 58
\BOOKMARK [1][-]{section.120}{\376\377\0005\000.\0002\000\040\000B\000a\000c\000k\000g\000r\000o\000u\000n\000d\000\040\000a\000n\000d\000\040\000m\000o\000t\000i\000v\000a\000t\000i\000o\000n}{chapter.118}% 59
\BOOKMARK [1][-]{section.124}{\376\377\0005\000.\0003\000\040\0002\000D\000\040\000s\000e\000g\000m\000e\000n\000t\000a\000t\000i\000o\000n\000\040\000u\000s\000i\000n\000g\000\040\000L\0002\000S}{chapter.118}% 60
\BOOKMARK [2][-]{subsection.128}{\376\377\0005\000.\0003\000.\0001\000\040\000O\000p\000t\000i\000m\000i\000z\000a\000t\000i\000o\000n\000\040\000o\000f\000\040\000t\000h\000e\000\040\000e\000n\000e\000r\000g\000y\000\040\000f\000u\000n\000c\000t\000i\000o\000n\000a\000l}{section.124}% 61
\BOOKMARK [2][-]{subsection.135}{\376\377\0005\000.\0003\000.\0002\000\040\000A\000n\000a\000l\000y\000s\000i\000s\000\040\000o\000f\000\040\000L\0002\000S}{section.124}% 62
\BOOKMARK [2][-]{subsection.136}{\376\377\0005\000.\0003\000.\0003\000\040\000P\000a\000r\000a\000m\000e\000t\000e\000r\000\040\000s\000e\000l\000e\000c\000t\000i\000o\000n\000\040\000f\000o\000r\000\040\000L\0002\000S}{section.124}% 63
\BOOKMARK [2][-]{subsection.137}{\376\377\0005\000.\0003\000.\0004\000\040\000C\000o\000m\000p\000a\000r\000i\000s\000o\000n\000\040\000w\000i\000t\000h\000\040\000G\000A\000C\000\040\000a\000n\000d\000\040\000C\000h\000a\000n\000-\000V\000e\000s\000e}{section.124}% 64
\BOOKMARK [2][-]{subsection.139}{\376\377\0005\000.\0003\000.\0005\000\040\000C\000o\000m\000p\000a\000r\000i\000s\000o\000n\000\040\000w\000i\000t\000h\000\040\000o\000t\000h\000e\000r\000\040\000m\000e\000t\000h\000o\000d\000s}{section.124}% 65
\BOOKMARK [2][-]{subsection.142}{\376\377\0005\000.\0003\000.\0006\000\040\000Q\000u\000a\000n\000t\000i\000t\000a\000t\000i\000v\000e\000\040\000p\000e\000r\000f\000o\000r\000m\000a\000n\000c\000e\000\040\000e\000v\000a\000l\000u\000a\000t\000i\000o\000n}{section.124}% 66
\BOOKMARK [2][-]{subsection.145}{\376\377\0005\000.\0003\000.\0007\000\040\000C\000o\000m\000p\000u\000t\000a\000t\000i\000o\000n\000a\000l\000\040\000c\000o\000m\000p\000a\000r\000i\000s\000o\000n}{section.124}% 67
\BOOKMARK [1][-]{section.147}{\376\377\0005\000.\0004\000\040\000D\000i\000s\000c\000u\000s\000s\000i\000o\000n}{chapter.118}% 68
\BOOKMARK [0][-]{chapter.148}{\376\377\0006\000\040\000N\000e\000u\000r\000o\000n\000\040\000S\000e\000g\000m\000e\000n\000t\000a\000t\000i\000o\000n\000\040\000w\000i\000t\000h\000\040\000T\000u\000b\000u\000l\000a\000r\000i\000t\000y\000\040\000F\000l\000o\000w\000\040\000F\000i\000e\000l\000d}{}% 69
\BOOKMARK [1][-]{section.149}{\376\377\0006\000.\0001\000\040\000I\000n\000t\000r\000o\000d\000u\000c\000t\000i\000o\000n}{chapter.148}% 70
\BOOKMARK [1][-]{section.151}{\376\377\0006\000.\0002\000\040\000T\000u\000b\000u\000l\000a\000r\000i\000t\000y\000\040\000F\000l\000o\000w\000\040\000F\000i\000e\000l\000d\000\040\000f\000o\000r\000\040\000n\000e\000u\000r\000o\000n\000\040\000s\000e\000g\000m\000e\000n\000t\000a\000t\000i\000o\000n}{chapter.148}% 71
\BOOKMARK [2][-]{subsection.157}{\376\377\0006\000.\0002\000.\0001\000\040\000T\000u\000b\000u\000l\000a\000r\000i\000t\000y\000\040\000F\000l\000o\000w\000\040\000F\000i\000e\000l\000d\000\040\000\050\000T\000u\000F\000F\000\051}{section.151}% 72
\BOOKMARK [2][-]{subsection.158}{\376\377\0006\000.\0002\000.\0002\000\040\000V\000a\000r\000i\000a\000t\000i\000o\000n\000a\000l\000\040\000f\000o\000r\000m\000u\000l\000a\000t\000i\000o\000n\000\040\000w\000i\000t\000h\000\040\000T\000u\000F\000F}{section.151}% 73
\BOOKMARK [2][-]{subsection.160}{\376\377\0006\000.\0002\000.\0003\000\040\000T\000u\000F\000F\000\040\000g\000r\000a\000d\000i\000e\000n\000t\000\040\000f\000l\000o\000w\000\040\000e\000q\000u\000a\000t\000i\000o\000n}{section.151}% 74
\BOOKMARK [3][-]{subsubsection.161}{\376\377\0006\000.\0002\000.\0003\000.\0001\000\040\000E\000f\000f\000e\000c\000t\000\040\000o\000f\000\040\000t\000h\000e\000\040\000a\000x\000i\000a\000l\000\040\000c\000o\000m\000p\000o\000n\000e\000n\000t\000\040\000o\000f\000\040\000T\000u\000F\000F}{subsection.160}% 75
\BOOKMARK [3][-]{subsubsection.163}{\376\377\0006\000.\0002\000.\0003\000.\0002\000\040\000E\000f\000f\000e\000c\000t\000\040\000o\000f\000\040\000t\000h\000e\000\040\000o\000r\000t\000h\000o\000g\000o\000n\000a\000l\000\040\000c\000o\000m\000p\000o\000n\000e\000n\000t\000\040\000o\000f\000\040\000T\000u\000F\000F}{subsection.160}% 76
\BOOKMARK [3][-]{subsubsection.164}{\376\377\0006\000.\0002\000.\0003\000.\0003\000\040\000E\000f\000f\000e\000c\000t\000\040\000o\000f\000\040\000t\000h\000e\000\040\000v\000e\000c\000t\000o\000r\000\040\000f\000i\000e\000l\000d\000\040\000w\000e\000i\000g\000h\000t\000s}{subsection.160}% 77
\BOOKMARK [3][-]{subsubsection.170}{\376\377\0006\000.\0002\000.\0003\000.\0004\000\040\000I\000s\000o\000t\000r\000o\000p\000i\000c\000\040\000T\000u\000F\000F\000\040\000e\000q\000u\000a\000t\000i\000o\000n}{subsection.160}% 78
\BOOKMARK [2][-]{subsection.173}{\376\377\0006\000.\0002\000.\0004\000\040\000M\000i\000n\000i\000m\000i\000z\000a\000t\000i\000o\000n\000\040\000o\000f\000\040\000t\000h\000e\000\040\000T\000u\000F\000F\000\040\000f\000u\000n\000c\000t\000i\000o\000n\000a\000l}{section.151}% 79
\BOOKMARK [1][-]{section.178}{\376\377\0006\000.\0003\000\040\000L\000o\000c\000a\000l\000\040\000a\000t\000t\000r\000a\000c\000t\000i\000o\000n\000\040\000f\000o\000r\000c\000e\000\040\000f\000i\000e\000l\000d}{chapter.148}% 80
\BOOKMARK [2][-]{subsection.185}{\376\377\0006\000.\0003\000.\0001\000\040\000C\000a\000n\000d\000i\000d\000a\000t\000e\000\040\000p\000o\000i\000n\000t\000s\000\040\000f\000o\000r\000\040\000a\000t\000t\000r\000a\000c\000t\000i\000o\000n\000\040\000f\000o\000r\000c\000e\000\040\000f\000i\000e\000l\000d}{section.178}% 81
\BOOKMARK [2][-]{subsection.187}{\376\377\0006\000.\0003\000.\0002\000\040\000A\000t\000t\000r\000a\000c\000t\000i\000o\000n\000\040\000f\000o\000r\000c\000e\000\040\000f\000i\000e\000l\000d\000\040\000d\000e\000s\000i\000g\000n}{section.178}% 82
\BOOKMARK [2][-]{subsection.190}{\376\377\0006\000.\0003\000.\0003\000\040\000A\000t\000t\000r\000a\000c\000t\000i\000o\000n\000\040\000f\000o\000r\000c\000e}{section.178}% 83
\BOOKMARK [1][-]{section.193}{\376\377\0006\000.\0004\000\040\000H\000a\000n\000d\000l\000i\000n\000g\000\040\000o\000f\000\040\000d\000i\000s\000c\000o\000n\000t\000i\000n\000u\000i\000t\000i\000e\000s}{chapter.148}% 84
\BOOKMARK [2][-]{subsection.195}{\376\377\0006\000.\0004\000.\0001\000\040\000T\000y\000p\000e\000\040\000A\000\040\000d\000i\000s\000c\000o\000n\000t\000i\000n\000u\000i\000t\000i\000e\000s}{section.193}% 85
\BOOKMARK [2][-]{subsection.197}{\376\377\0006\000.\0004\000.\0002\000\040\000T\000y\000p\000e\000\040\000B\000\040\000d\000i\000s\000c\000o\000n\000t\000i\000n\000u\000i\000t\000i\000e\000s}{section.193}% 86
\BOOKMARK [1][-]{section.198}{\376\377\0006\000.\0005\000\040\000C\000u\000r\000v\000e\000\040\000e\000v\000o\000l\000u\000t\000i\000o\000n\000\040\000e\000q\000u\000a\000t\000i\000o\000n}{chapter.148}% 87
\BOOKMARK [1][-]{section.200}{\376\377\0006\000.\0006\000\040\000E\000x\000p\000e\000r\000i\000m\000e\000n\000t\000a\000l\000\040\000r\000e\000s\000u\000l\000t\000s}{chapter.148}% 88
\BOOKMARK [2][-]{subsection.201}{\376\377\0006\000.\0006\000.\0001\000\040\000D\000a\000t\000a\000s\000e\000t\000\040\000f\000o\000r\000\040\000s\000e\000g\000m\000e\000n\000t\000a\000t\000i\000o\000n}{section.200}% 89
\BOOKMARK [2][-]{subsection.202}{\376\377\0006\000.\0006\000.\0002\000\040\000P\000a\000r\000a\000m\000e\000t\000e\000r\000\040\000s\000e\000l\000e\000c\000t\000i\000o\000n}{section.200}% 90
\BOOKMARK [2][-]{subsection.204}{\376\377\0006\000.\0006\000.\0003\000\040\0002\000D\000\040\000s\000e\000g\000m\000e\000n\000t\000a\000t\000i\000o\000n\000\040\000v\000i\000a\000\040\000T\000u\000F\000F\000:\000\040\000q\000u\000a\000l\000i\000t\000a\000t\000i\000v\000e\000\040\000r\000e\000s\000u\000l\000t\000s}{section.200}% 91
\BOOKMARK [2][-]{subsection.206}{\376\377\0006\000.\0006\000.\0004\000\040\000E\000f\000f\000i\000c\000a\000c\000i\000o\000u\000s\000\040\000h\000a\000n\000d\000l\000i\000n\000g\000\040\000o\000f\000\040\000b\000r\000a\000n\000c\000h\000\040\000c\000o\000n\000n\000e\000c\000t\000i\000v\000i\000t\000y}{section.200}% 92
\BOOKMARK [2][-]{subsection.210}{\376\377\0006\000.\0006\000.\0005\000\040\0003\000D\000\040\000s\000e\000g\000m\000e\000n\000t\000a\000t\000i\000o\000n\000\040\000v\000i\000a\000\040\000T\000u\000F\000F\000:\000\040\000q\000u\000a\000l\000i\000t\000a\000t\000i\000v\000e\000\040\000r\000e\000s\000u\000l\000t\000s}{section.200}% 93
\BOOKMARK [2][-]{subsection.212}{\376\377\0006\000.\0006\000.\0006\000\040\000C\000o\000m\000p\000a\000r\000i\000s\000o\000n\000\040\000o\000f\000\040\000s\000e\000g\000m\000e\000n\000t\000a\000t\000i\000o\000n\000\040\000p\000e\000r\000f\000o\000r\000m\000a\000n\000c\000e}{section.200}% 94
\BOOKMARK [3][-]{subsubsection.213}{\376\377\0006\000.\0006\000.\0006\000.\0001\000\040\000G\000r\000a\000p\000h\000\040\000A\000u\000g\000m\000e\000n\000t\000e\000d\000\040\000D\000e\000f\000o\000r\000m\000a\000b\000l\000e\000\040\000\050\000G\000D\000\051\000\040\000m\000o\000d\000e\000l\000\040\000p\000e\000n\000g\000G\000A\000D}{subsection.212}% 95
\BOOKMARK [3][-]{subsubsection.214}{\376\377\0006\000.\0006\000.\0006\000.\0002\000\040\000N\000e\000u\000r\000o\000n\000s\000t\000u\000d\000i\000o\000\040\000r\000o\000d\000r\000i\000g\000u\000e\000z\000v\000o\000x\000e\000l\000s\000c\000o\000o\000p}{subsection.212}% 96
\BOOKMARK [3][-]{subsubsection.215}{\376\377\0006\000.\0006\000.\0006\000.\0003\000\040\000T\000r\000e\000e\0002\000T\000r\000e\000e\000\040\000b\000a\000s\000u\000T\0002\000T\000j\000o\000u\000r\000n\000a\000l}{subsection.212}% 97
\BOOKMARK [2][-]{subsection.218}{\376\377\0006\000.\0006\000.\0007\000\040\000Q\000u\000a\000l\000i\000t\000a\000t\000i\000v\000e\000\040\000p\000e\000r\000f\000o\000r\000m\000a\000n\000c\000e\000\040\000a\000n\000a\000l\000y\000s\000i\000s}{section.200}% 98
\BOOKMARK [3][-]{subsubsection.219}{\376\377\0006\000.\0006\000.\0007\000.\0001\000\040\000R\000e\000s\000u\000l\000t\000s\000\040\000o\000n\000\040\000C\000o\000n\000d\000r\000o\000n\000\040\000d\000a\000t\000a\000\040\000s\000e\000t}{subsection.218}% 99
\BOOKMARK [3][-]{subsubsection.220}{\376\377\0006\000.\0006\000.\0007\000.\0002\000\040\000S\000e\000g\000m\000e\000n\000t\000a\000t\000i\000o\000n\000\040\000r\000e\000s\000u\000l\000t\000s\000\040\000o\000n\000\040\000O\000P\000\040\000d\000a\000t\000a\000s\000e\000t}{subsection.218}% 100
\BOOKMARK [2][-]{subsection.223}{\376\377\0006\000.\0006\000.\0008\000\040\000Q\000u\000a\000n\000t\000i\000t\000a\000t\000i\000v\000e\000\040\000P\000e\000r\000f\000o\000r\000m\000a\000n\000c\000e\000\040\000A\000n\000a\000l\000y\000s\000i\000s}{section.200}% 101
\BOOKMARK [1][-]{section.227}{\376\377\0006\000.\0007\000\040\000F\000u\000r\000t\000h\000e\000r\000\040\000i\000m\000p\000r\000o\000v\000e\000m\000e\000n\000t\000s}{chapter.148}% 102
\BOOKMARK [1][-]{section.228}{\376\377\0006\000.\0008\000\040\000D\000i\000s\000c\000u\000s\000s\000i\000o\000n}{chapter.148}% 103
\BOOKMARK [0][-]{chapter.229}{\376\377\0007\000\040\000C\000o\000n\000c\000l\000u\000s\000i\000o\000n}{}% 104
\BOOKMARK [0][-]{appendix.230}{\376\377\000A\000\040\000D\000i\000c\000t\000i\000o\000n\000a\000r\000y\000\040\000L\000e\000a\000r\000n\000i\000n\000g\000\040\000L\000e\000v\000e\000l\000\040\000S\000e\000t}{}% 105
\BOOKMARK [1][-]{section.231}{\376\377\000A\000.\0001\000\040\000D\000i\000c\000t\000i\000o\000n\000a\000r\000y\000\040\000L\000e\000a\000r\000n\000i\000n\000g\000\040\000L\000e\000v\000e\000l\000\040\000S\000e\000t\000s\000\040\000\050\000D\000L\0002\000S\000\051}{appendix.230}% 106
\BOOKMARK [2][-]{subsection.233}{\376\377\000A\000.\0001\000.\0001\000\040\000M\000e\000t\000h\000o\000d\000o\000l\000o\000g\000y}{section.231}% 107
\BOOKMARK [2][-]{subsection.235}{\376\377\000A\000.\0001\000.\0002\000\040\000I\000n\000t\000e\000n\000s\000i\000t\000y\000\040\000m\000o\000d\000e\000l\000i\000n\000g\000\040\000w\000i\000t\000h\000\040\000d\000i\000c\000t\000i\000o\000n\000a\000r\000y\000\040\000l\000e\000a\000r\000n\000i\000n\000g}{section.231}% 108
\BOOKMARK [2][-]{subsection.237}{\376\377\000A\000.\0001\000.\0003\000\040\000D\000L\0002\000S\000\040\000c\000u\000r\000v\000e\000\040\000e\000v\000o\000l\000u\000t\000i\000o\000n}{section.231}% 109
\BOOKMARK [2][-]{subsection.242}{\376\377\000A\000.\0001\000.\0004\000\040\000A\000n\000a\000l\000y\000s\000i\000s\000\040\000o\000f\000\040\000D\000L\0002\000S}{section.231}% 110
\BOOKMARK [2][-]{subsection.244}{\376\377\000A\000.\0001\000.\0005\000\040\000E\000x\000p\000e\000r\000i\000m\000e\000n\000t\000a\000l\000\040\000R\000e\000s\000u\000l\000t\000s}{section.231}% 111
\BOOKMARK [1][-]{section.249}{\376\377\000A\000.\0002\000\040\000D\000i\000s\000c\000u\000s\000s\000i\000o\000n}{appendix.230}% 112
\BOOKMARK [0][-]{appendix.250}{\376\377\000B\000\040\000E\000x\000t\000e\000n\000s\000i\000o\000n\000s\000\040\000o\000f\000\040\000T\000u\000b\000u\000l\000a\000r\000i\000t\000y\000\040\000F\000l\000o\000w\000\040\000F\000i\000e\000l\000d}{}% 113
\BOOKMARK [1][-]{section.251}{\376\377\000B\000.\0001\000\040\000V\000e\000s\000s\000e\000l\000\040\000C\000o\000n\000t\000r\000a\000s\000t\000\040\000E\000n\000h\000a\000n\000c\000e\000m\000e\000n\000t\000\040\000W\000i\000t\000h\000\040\000L\000o\000c\000a\000l\000\040\000D\000i\000r\000e\000c\000t\000i\000o\000n\000a\000l\000\040\000E\000v\000i\000d\000e\000n\000c\000e}{appendix.250}% 114
\BOOKMARK [2][-]{subsection.253}{\376\377\000B\000.\0001\000.\0001\000\040\000V\000e\000s\000s\000e\000l\000\040\000d\000e\000t\000e\000c\000t\000i\000o\000n\000\040\000w\000i\000t\000h\000\040\000o\000r\000i\000e\000n\000t\000e\000d\000\040\000f\000i\000l\000t\000e\000r\000s}{section.251}% 115
\BOOKMARK [2][-]{subsection.258}{\376\377\000B\000.\0001\000.\0002\000\040\000V\000e\000s\000s\000e\000l\000\040\000e\000n\000h\000a\000n\000c\000e\000m\000e\000n\000t\000\040\000w\000i\000t\000h\000\040\000l\000o\000c\000a\000l\000\040\000d\000i\000r\000e\000c\000t\000i\000o\000n\000a\000l\000\040\000e\000v\000i\000d\000e\000n\000c\000e\000\040\000\050\000L\000D\000E\000\051}{section.251}% 116
\BOOKMARK [2][-]{subsection.264}{\376\377\000B\000.\0001\000.\0003\000\040\000D\000i\000s\000c\000u\000s\000s\000i\000o\000n\000\040\000o\000f\000\040\000L\000D\000E}{section.251}% 117
\BOOKMARK [1][-]{section.265}{\376\377\000B\000.\0002\000\040\000E\000d\000g\000e\000\040\000a\000s\000s\000i\000s\000t\000e\000d\000\040\000T\000u\000F\000F}{appendix.250}% 118
\BOOKMARK [1][-]{section.267}{\376\377\000B\000.\0003\000\040\000A\000p\000p\000l\000i\000c\000a\000t\000i\000o\000n\000:\000\040\000a\000u\000t\000o\000m\000a\000t\000i\000c\000\040\000c\000r\000a\000c\000k\000\040\000d\000e\000t\000e\000c\000t\000i\000o\000n}{appendix.250}% 119
\BOOKMARK [0][-]{appendix.268}{\376\377\000C\000\040\000D\000e\000r\000i\000v\000a\000t\000i\000o\000n\000s\000\040\000o\000f\000\040\000t\000h\000e\000\040\000m\000a\000t\000h\000e\000m\000a\000t\000i\000c\000a\000l\000\040\000r\000e\000s\000u\000l\000t\000s}{}% 120
\BOOKMARK [1][-]{section.269}{\376\377\000C\000.\0001\000\040\000D\000e\000r\000i\000v\000a\000t\000i\000o\000n\000\040\000o\000f\000\040\000L\0002\000S\000\040\000e\000q\000u\000a\000t\000i\000o\000n\000\040\000\050\0005\000.\0001\0004\000\051}{appendix.268}% 121
\BOOKMARK [1][-]{section.270}{\376\377\000C\000.\0002\000\040\000D\000e\000r\000i\000v\000a\000t\000i\000o\000n\000\040\000o\000f\000\040\000T\000u\000F\000F\000\040\000e\000q\000u\000a\000t\000i\000o\000n\000\040\000\050\0006\000.\0001\0002\000\051}{appendix.268}% 122
\BOOKMARK [0][-]{dummy.279}{\376\377\000B\000i\000b\000l\000i\000o\000g\000r\000a\000p\000h\000y}{}% 123
