\BOOKMARK [0][-]{dummy.1}{\376\377\000C\000o\000n\000t\000e\000n\000t\000s}{}% 1
\BOOKMARK [0][-]{dummy.3}{\376\377\000L\000i\000s\000t\000\040\000o\000f\000\040\000F\000i\000g\000u\000r\000e\000s}{}% 2
\BOOKMARK [0][-]{dummy.5}{\376\377\000L\000i\000s\000t\000\040\000o\000f\000\040\000T\000a\000b\000l\000e\000s}{}% 3
\BOOKMARK [0][-]{dummy.7}{\376\377\000S\000y\000m\000b\000o\000l\000s}{}% 4
\BOOKMARK [0][-]{chapter.10}{\376\377\0001\000\040\000I\000n\000t\000r\000o\000d\000u\000c\000t\000i\000o\000n}{}% 5
\BOOKMARK [1][-]{section.11}{\376\377\0001\000.\0001\000\040\000N\000e\000u\000r\000o\000i\000m\000a\000g\000e\000\040\000a\000n\000a\000l\000y\000s\000i\000s}{chapter.10}% 6
\BOOKMARK [2][-]{subsection.12}{\376\377\0001\000.\0001\000.\0001\000\040\000I\000m\000a\000g\000e\000\040\000A\000c\000q\000u\000i\000s\000i\000t\000i\000o\000n}{section.11}% 7
\BOOKMARK [2][-]{subsection.13}{\376\377\0001\000.\0001\000.\0002\000\040\000I\000m\000a\000g\000e\000\040\000a\000n\000a\000l\000y\000s\000i\000s}{section.11}% 8
\BOOKMARK [1][-]{section.14}{\376\377\0001\000.\0002\000\040\000P\000r\000o\000b\000l\000e\000m\000\040\000f\000o\000r\000m\000u\000l\000a\000t\000i\000o\000n}{chapter.10}% 9
\BOOKMARK [2][-]{subsection.15}{\376\377\0001\000.\0002\000.\0001\000\040\000S\000i\000n\000g\000l\000e\000\040\000n\000e\000u\000r\000o\000n\000\040\000i\000m\000a\000g\000i\000n\000g}{section.14}% 10
\BOOKMARK [1][-]{section.17}{\376\377\0001\000.\0003\000\040\000C\000o\000n\000t\000r\000i\000b\000u\000t\000i\000o\000n\000s\000\040\000o\000f\000\040\000t\000h\000i\000s\000\040\000t\000h\000e\000s\000i\000s}{chapter.10}% 11
\BOOKMARK [1][-]{section.21}{\376\377\0001\000.\0004\000\040\000T\000h\000e\000s\000i\000s\000\040\000o\000u\000t\000l\000i\000n\000e}{chapter.10}% 12
\BOOKMARK [1][-]{section.22}{\376\377\0001\000.\0005\000\040\000P\000u\000b\000l\000i\000c\000a\000t\000i\000o\000n\000s\000\040\000r\000e\000s\000u\000l\000t\000i\000n\000g\000\040\000f\000r\000o\000m\000\040\000t\000h\000i\000s\000\040\000w\000o\000r\000k}{chapter.10}% 13
\BOOKMARK [0][-]{appendix.23}{\376\377\000A\000\040\000D\000i\000c\000t\000i\000o\000n\000a\000r\000y\000\040\000L\000e\000a\000r\000n\000i\000n\000g\000\040\000L\000e\000v\000e\000l\000\040\000S\000e\000t}{}% 103
\BOOKMARK [1][-]{section.24}{\376\377\000A\000.\0001\000\040\000D\000i\000c\000t\000i\000o\000n\000a\000r\000y\000\040\000L\000e\000a\000r\000n\000i\000n\000g\000\040\000L\000e\000v\000e\000l\000\040\000S\000e\000t\000s\000\040\000\050\000D\000L\0002\000S\000\051}{appendix.23}% 104
\BOOKMARK [2][-]{subsection.26}{\376\377\000A\000.\0001\000.\0001\000\040\000M\000e\000t\000h\000o\000d\000o\000l\000o\000g\000y}{section.24}% 105
\BOOKMARK [2][-]{subsection.28}{\376\377\000A\000.\0001\000.\0002\000\040\000I\000n\000t\000e\000n\000s\000i\000t\000y\000\040\000m\000o\000d\000e\000l\000i\000n\000g\000\040\000w\000i\000t\000h\000\040\000d\000i\000c\000t\000i\000o\000n\000a\000r\000y\000\040\000l\000e\000a\000r\000n\000i\000n\000g}{section.24}% 106
\BOOKMARK [2][-]{subsection.30}{\376\377\000A\000.\0001\000.\0003\000\040\000D\000L\0002\000S\000\040\000c\000u\000r\000v\000e\000\040\000e\000v\000o\000l\000u\000t\000i\000o\000n}{section.24}% 107
\BOOKMARK [2][-]{subsection.35}{\376\377\000A\000.\0001\000.\0004\000\040\000A\000n\000a\000l\000y\000s\000i\000s\000\040\000o\000f\000\040\000D\000L\0002\000S}{section.24}% 108
\BOOKMARK [2][-]{subsection.37}{\376\377\000A\000.\0001\000.\0005\000\040\000E\000x\000p\000e\000r\000i\000m\000e\000n\000t\000a\000l\000\040\000R\000e\000s\000u\000l\000t\000s}{section.24}% 109
\BOOKMARK [1][-]{section.42}{\376\377\000A\000.\0002\000\040\000D\000i\000s\000c\000u\000s\000s\000i\000o\000n}{appendix.23}% 110
\BOOKMARK [0][-]{appendix.43}{\376\377\000B\000\040\000D\000e\000r\000i\000v\000a\000t\000i\000o\000n\000\040\000o\000f\000\040\000T\000u\000b\000u\000l\000a\000r\000i\000t\000y\000\040\000F\000l\000o\000w\000\040\000F\000i\000e\000l\000d\000\040\000e\000q\000u\000a\000t\000i\000o\000n\000s}{}% 111
\BOOKMARK [0][-]{dummy.52}{\376\377\000B\000i\000b\000l\000i\000o\000g\000r\000a\000p\000h\000y}{}% 112
